[2025-04-16T00:18:41.189Z] ✅ Conexão com o banco de dados INSTITUICAO estabelecida com sucesso!
[2025-04-16T00:18:41.203Z] 🚀 Servidor rodando em http://localhost:5500
[2025-04-16T00:18:41.203Z] 📂 Diretório: C:\projetos\Agenda_TCC\Dashboard_ADM\frontend
[2025-04-16T00:18:50.550Z] 📥 GET /api/colaboradores
[2025-04-16T00:18:50.748Z] 📥 GET /favicon.ico
[2025-04-16T00:20:23.476Z] 📥 GET /styles.css
[2025-04-16T00:23:27.043Z] ✅ Conexão com o banco de dados INSTITUICAO estabelecida com sucesso!
[2025-04-16T00:23:27.055Z] 🚀 Servidor rodando em http://localhost:5500
[2025-04-16T00:23:27.055Z] 📂 Diretório: C:\projetos\Agenda_TCC\Dashboard_ADM\frontend
[2025-04-16T00:23:28.494Z] 📥 GET /api/colaboradores
[2025-04-16T00:24:09.913Z] 📥 GET /api/colaboradores
[2025-04-16T00:24:15.252Z] 📥 POST /api/criar-colaborador
[2025-04-16T00:24:17.004Z] 📥 POST /api/criar-colaborador
[2025-04-16T00:24:17.190Z] 📥 POST /api/criar-colaborador
[2025-04-16T00:24:17.368Z] 📥 POST /api/criar-colaborador
[2025-04-16T00:26:22.149Z] 📥 GET /api/colaboradores
[2025-04-16T00:26:27.667Z] 📥 POST /api/criar-colaborador
[2025-04-16T00:26:43.945Z] 📥 POST /api/criar-colaborador
[2025-04-16T00:27:59.369Z] 📥 GET /api/criar-colaborador
[2025-04-16T00:28:07.588Z] 📥 GET /api/criar-colaborador.html
[2025-04-16T00:29:55.556Z] 📥 GET /api/colaboradores
[2025-04-16T00:29:55.574Z] 📥 GET /favicon.ico
[2025-04-16T00:30:02.764Z] 📥 POST /api/criar-colaborador
[2025-04-16T00:30:08.158Z] 📥 POST /api/criar-colaborador
[2025-04-16T00:30:41.648Z] 📥 GET /api/colaboradores
[2025-04-16T00:30:46.483Z] 📥 POST /api/criar-colaborador
[2025-04-16T00:39:42.194Z] 📥 GET /api/colaboradores
[2025-04-16T00:39:58.524Z] 📥 POST /api/criar-colaborador
[2025-04-16T00:41:58.662Z] 📥 GET /api/criar-colaborador
[2025-04-16T00:42:47.943Z] 📥 GET /api/criar-colaborador
[2025-04-16T00:45:52.234Z] 📥 GET /api/colaboradores
[2025-04-16T00:46:04.367Z] 📥 POST /api/criar-colaborador
[2025-04-16T00:50:44.631Z] ✅ Conexão com o banco de dados estabelecida com sucesso!
[2025-04-16T00:50:44.643Z] 🚀 Servidor rodando em http://localhost:5500
[2025-04-16T00:50:44.644Z] 🔥 ERRO GRAVE: Error: listen EADDRINUSE: address already in use 0.0.0.0:5500
    at Server.setupListenHandle [as _listen2] (net.js:1331:16)
    at listenInCluster (net.js:1379:12)
    at doListen (net.js:1516:7)
    at processTicksAndRejections (internal/process/task_queues.js:83:21)
[2025-04-16T00:50:44.644Z] 🔥 ERRO GRAVE: Error: listen EADDRINUSE: address already in use 0.0.0.0:5500
    at Server.setupListenHandle [as _listen2] (net.js:1331:16)
    at listenInCluster (net.js:1379:12)
    at doListen (net.js:1516:7)
    at processTicksAndRejections (internal/process/task_queues.js:83:21)
[2025-04-16T00:50:57.819Z] ✅ Conexão com o banco de dados estabelecida com sucesso!
[2025-04-16T00:50:57.831Z] 🚀 Servidor rodando em http://localhost:5500
[2025-04-16T00:50:57.831Z] 🔥 ERRO GRAVE: Error: listen EADDRINUSE: address already in use 0.0.0.0:5500
    at Server.setupListenHandle [as _listen2] (net.js:1331:16)
    at listenInCluster (net.js:1379:12)
    at doListen (net.js:1516:7)
    at processTicksAndRejections (internal/process/task_queues.js:83:21)
[2025-04-16T00:50:57.831Z] 🔥 ERRO GRAVE: Error: listen EADDRINUSE: address already in use 0.0.0.0:5500
    at Server.setupListenHandle [as _listen2] (net.js:1331:16)
    at listenInCluster (net.js:1379:12)
    at doListen (net.js:1516:7)
    at processTicksAndRejections (internal/process/task_queues.js:83:21)
[2025-04-16T00:51:14.281Z] 📥 GET /api/colaboradores
[2025-04-16T00:51:30.291Z] 📥 POST /api/criar-colaborador
[2025-04-16T00:55:27.409Z] 📥 GET /api/colaboradores
[2025-04-16T00:55:37.896Z] 📥 GET /api/colaboradores
[2025-04-16T00:55:41.735Z] 📥 GET /styles.css
[2025-04-16T00:55:46.492Z] 📥 GET /styles.css
[2025-04-16T01:05:07.384Z] 📥 GET /api/colaboradores
[2025-04-16T01:05:35.270Z] 📥 GET /api/colaboradores
[2025-04-16T01:07:41.850Z] 📥 GET /api/colaboradores
[2025-04-16T01:07:44.057Z] 📥 GET /api/colaboradores
[2025-04-16T01:08:39.432Z] 📥 GET /api/colaboradores
[2025-04-16T01:10:40.139Z] 📥 GET /api/colaboradores
[2025-04-16T01:10:45.974Z] 📥 GET /assets/default-profile.png
[2025-04-16T01:10:52.404Z] 📥 GET /assets/default-profile.png
[2025-04-16T01:11:04.788Z] 📥 GET /api/colaboradores
[2025-04-16T01:11:06.622Z] 📥 GET /assets/default-profile.png
[2025-04-16T01:11:13.515Z] 📥 GET /styles.css
[2025-04-16T01:12:27.611Z] 📥 GET /api/colaboradores
[2025-04-16T01:12:50.204Z] 📥 GET /uploads/$%7Bc.foto%7D
[2025-04-16T01:13:01.700Z] 📥 GET /uploads/$%7Bc.foto%7D
[2025-04-16T01:17:28.429Z] 📥 GET /api/colaboradores
[2025-04-16T01:17:31.013Z] 📥 GET /api/colaboradores
[2025-04-16T01:19:04.344Z] 📥 GET /api/colaboradores
[2025-04-16T01:19:04.580Z] 📥 GET /api/colaboradores
[2025-04-16T01:23:03.386Z] 📥 GET /api/colaboradores
[2025-04-16T01:23:58.689Z] 📥 GET /api/colaboradores
[2025-04-16T01:24:05.987Z] ✅ Conexão com o banco de dados estabelecida com sucesso!
[2025-04-16T01:24:05.999Z] 🚀 Servidor rodando em http://localhost:5500
[2025-04-16T01:24:06.000Z] 🔥 ERRO GRAVE: Error: listen EADDRINUSE: address already in use 0.0.0.0:5500
    at Server.setupListenHandle [as _listen2] (net.js:1331:16)
    at listenInCluster (net.js:1379:12)
    at doListen (net.js:1516:7)
    at processTicksAndRejections (internal/process/task_queues.js:83:21)
[2025-04-16T01:24:06.000Z] 🔥 ERRO GRAVE: Error: listen EADDRINUSE: address already in use 0.0.0.0:5500
    at Server.setupListenHandle [as _listen2] (net.js:1331:16)
    at listenInCluster (net.js:1379:12)
    at doListen (net.js:1516:7)
    at processTicksAndRejections (internal/process/task_queues.js:83:21)
[2025-04-16T01:24:06.649Z] 📥 GET /api/colaboradores
[2025-04-16T01:24:37.494Z] 📥 GET /api/colaboradores
[2025-04-16T01:25:58.172Z] 📥 GET /api/colaboradores
[2025-04-16T01:25:58.987Z] 📥 GET /api/colaboradores
[2025-04-16T01:25:58.995Z] 📥 GET /uploads/foto.jpg
[2025-04-16T01:26:04.569Z] 📥 GET /api/colaboradores/1
[2025-04-16T01:26:06.370Z] 📥 PUT /api/colaboradores/1
[2025-04-16T01:26:07.701Z] 📥 GET /api/colaboradores
[2025-04-16T01:26:07.714Z] 📥 GET /uploads//uploads/foto.jpg
[2025-04-16T01:30:48.033Z] 📥 GET /api/colaboradores/1
[2025-04-16T01:30:48.789Z] 📥 PUT /api/colaboradores/1
[2025-04-16T01:30:49.944Z] 📥 GET /api/colaboradores
[2025-04-16T01:30:49.959Z] 📥 GET /uploads//uploads//uploads/foto.jpg
[2025-04-16T01:42:42.566Z] ✅ Conexão com o banco de dados estabelecida com sucesso!
[2025-04-16T01:42:42.578Z] 🚀 Servidor rodando em http://localhost:5500
[2025-04-16T01:42:42.579Z] 🔥 ERRO GRAVE: Error: listen EADDRINUSE: address already in use 0.0.0.0:5500
    at Server.setupListenHandle [as _listen2] (net.js:1331:16)
    at listenInCluster (net.js:1379:12)
    at doListen (net.js:1516:7)
    at processTicksAndRejections (internal/process/task_queues.js:83:21)
[2025-04-16T01:42:42.579Z] 🔥 ERRO GRAVE: Error: listen EADDRINUSE: address already in use 0.0.0.0:5500
    at Server.setupListenHandle [as _listen2] (net.js:1331:16)
    at listenInCluster (net.js:1379:12)
    at doListen (net.js:1516:7)
    at processTicksAndRejections (internal/process/task_queues.js:83:21)
[2025-04-16T01:42:50.163Z] 📥 GET /api/colaboradores
[2025-04-16T01:42:50.260Z] 📥 GET /favicon.ico
[2025-04-16T01:42:52.656Z] 📥 GET /api/colaboradores
[2025-04-16T01:42:54.301Z] 📥 GET /api/colaboradores
[2025-04-16T01:42:54.307Z] 📥 GET /uploads//uploads//uploads/foto.jpg
[2025-04-16T01:42:56.972Z] 📥 GET /styles.css
[2025-04-16T01:43:18.190Z] ✅ Conexão com o banco de dados estabelecida com sucesso!
[2025-04-16T01:43:18.203Z] 🚀 Servidor rodando em http://localhost:5500
[2025-04-16T01:43:18.203Z] 🔥 ERRO GRAVE: Error: listen EADDRINUSE: address already in use 0.0.0.0:5500
    at Server.setupListenHandle [as _listen2] (net.js:1331:16)
    at listenInCluster (net.js:1379:12)
    at doListen (net.js:1516:7)
    at processTicksAndRejections (internal/process/task_queues.js:83:21)
[2025-04-16T01:43:18.203Z] 🔥 ERRO GRAVE: Error: listen EADDRINUSE: address already in use 0.0.0.0:5500
    at Server.setupListenHandle [as _listen2] (net.js:1331:16)
    at listenInCluster (net.js:1379:12)
    at doListen (net.js:1516:7)
    at processTicksAndRejections (internal/process/task_queues.js:83:21)
[2025-04-16T01:43:21.016Z] 📥 GET /api/colaboradores
[2025-04-16T01:43:22.144Z] 📥 GET /api/colaboradores
[2025-04-16T01:43:22.152Z] 📥 GET /uploads//uploads//uploads/foto.jpg
[2025-04-16T01:43:23.706Z] 📥 GET /api/colaboradores
[2025-04-16T01:43:23.714Z] 📥 GET /uploads//uploads//uploads/foto.jpg
[2025-04-16T01:43:25.339Z] 📥 GET /api/colaboradores
[2025-04-16T01:43:25.344Z] 📥 GET /uploads//uploads//uploads/foto.jpg
[2025-04-16T01:43:25.980Z] 📥 GET /styles.css
[2025-04-16T01:43:26.832Z] 📥 GET /api/colaboradores
[2025-04-16T01:43:26.837Z] 📥 GET /uploads//uploads//uploads/foto.jpg
[2025-04-16T01:43:27.651Z] 📥 GET /api/colaboradores
[2025-04-16T01:43:34.304Z] 📥 GET /api/colaboradores
[2025-04-16T01:43:34.309Z] 📥 GET /uploads//uploads//uploads/foto.jpg
[2025-04-16T01:45:59.323Z] 📥 GET /api/atividades
[2025-04-16T01:51:23.276Z] 📥 GET /api/colaboradores
[2025-04-16T01:51:23.570Z] 📥 GET /api/colaboradores
[2025-04-16T18:11:48.703Z] 📥 GET /api/colaboradores
[2025-04-16T18:11:48.717Z] 📥 GET /uploads//uploads//uploads/foto.jpg
[2025-04-16T18:11:56.432Z] 📥 GET /api/colaboradores
[2025-04-16T18:11:59.424Z] 📥 GET /api/colaboradores
[2025-04-16T18:11:59.434Z] 📥 GET /uploads//uploads//uploads/foto.jpg
[2025-04-16T18:12:00.618Z] 📥 GET /api/colaboradores/1
[2025-04-16T18:12:58.168Z] 📥 GET /editar-colaborador.css
[2025-04-16T18:13:01.856Z] 📥 GET /colaboradores.html
[2025-04-16T18:13:04.603Z] 📥 GET /editar-colaborador.css
[2025-04-16T18:13:09.850Z] 📥 GET /colaboradores.html
[2025-04-16T18:13:34.890Z] 📥 GET /api/colaboradores
[2025-04-16T18:13:36.069Z] 📥 GET /api/colaboradores
[2025-04-16T18:13:36.079Z] 📥 GET /uploads//uploads//uploads/foto.jpg
[2025-04-16T18:13:36.678Z] 📥 GET /api/colaboradores/1
[2025-04-16T18:14:44.202Z] 📥 GET /colaboradores.html
[2025-04-16T18:15:01.071Z] 📥 GET /colaboradores.html
[2025-04-16T18:15:03.262Z] 📥 GET /api/colaboradores
[2025-04-16T18:15:04.265Z] 📥 GET /api/colaboradores
[2025-04-16T18:15:04.272Z] 📥 GET /uploads//uploads//uploads/foto.jpg
[2025-04-16T18:15:04.941Z] 📥 GET /api/colaboradores/1
[2025-04-16T18:15:04.952Z] 📥 GET /uploads//uploads//uploads/foto.jpg
[2025-04-16T18:15:10.721Z] 📥 GET /api/colaboradores/2
[2025-04-16T18:15:15.664Z] 📥 DELETE /api/colaboradores/2
[2025-04-16T18:15:17.078Z] 📥 GET /colaboradores.html
[2025-04-16T18:15:20.007Z] 📥 GET /api/colaboradores
[2025-04-16T18:15:21.295Z] 📥 GET /api/colaboradores
[2025-04-16T18:15:21.302Z] 📥 GET /uploads//uploads//uploads/foto.jpg
[2025-04-16T18:15:55.123Z] 📥 GET /api/colaboradores
[2025-04-16T18:15:55.128Z] 📥 GET /uploads//uploads//uploads/foto.jpg
[2025-04-16T18:17:10.235Z] 📥 GET /api/colaboradores
[2025-04-16T18:17:10.243Z] 📥 GET /uploads//uploads//uploads/foto.jpg
[2025-04-16T18:17:11.394Z] 📥 GET /api/colaboradores/1
[2025-04-16T18:17:11.411Z] 📥 GET /uploads//uploads//uploads/foto.jpg
[2025-04-16T18:17:14.046Z] 📥 DELETE /api/colaboradores/1
[2025-04-16T18:17:14.941Z] 📥 GET /api/colaboradores
[2025-04-16T18:17:44.171Z] 📥 GET /api/colaboradores
[2025-04-16T18:24:20.691Z] 📥 GET /api/colaboradores
[2025-04-16T18:24:59.821Z] 📥 GET /api/atividades/$%7BatividadeSelecionada.id%7D
[2025-04-16T18:25:19.353Z] 📥 GET /api/atividades/$%7BatividadeSelecionada.id%7D
[2025-04-16T18:32:35.486Z] 📥 GET /api/colaboradores
[2025-04-16T18:32:43.853Z] 📥 GET /api/atividades/$%7BatividadeSelecionada.id%7D
[2025-04-16T18:33:23.968Z] 📥 GET /api/colaboradores
[2025-04-16T18:33:34.834Z] 📥 GET /api/atividades/$%7Baula.id%7D/confirmar
[2025-04-16T18:36:25.851Z] 📥 GET /api/colaboradores
[2025-04-16T18:36:30.150Z] 📥 GET /api/colaboradores
[2025-04-16T18:38:07.967Z] 📥 GET /api/colaboradores
[2025-04-16T18:39:17.339Z] 📥 GET /api/colaboradores
[2025-04-16T18:39:41.369Z] 📥 GET /api/colaboradores
[2025-04-16T18:39:50.890Z] 📥 GET /api/colaboradores
[2025-04-16T18:40:00.481Z] 📥 GET /api/colaboradores
[2025-04-16T18:40:01.496Z] 📥 GET /styles.css
[2025-04-16T18:40:22.875Z] 📥 GET /api/colaboradores
[2025-04-16T18:41:07.653Z] 📥 GET /api/atividades
[2025-04-16T18:47:09.018Z] 📥 GET /api/colaboradores
[2025-04-16T18:49:56.228Z] 📥 GET /api/colaboradores
[2025-04-16T18:50:21.266Z] 📥 GET /api/colaboradores
[2025-04-16T18:51:42.727Z] 📥 GET /api/atividades
[2025-04-16T18:53:07.930Z] 📥 GET /api/colaboradores
[2025-04-16T18:53:40.196Z] 📥 GET /api/colaboradores
[2025-04-16T18:53:40.469Z] 📥 GET /favicon.ico
[2025-04-16T18:57:19.488Z] 📥 GET /api/colaboradores
[2025-04-16T19:00:34.484Z] 📥 GET /api/colaboradores
[2025-04-16T19:04:51.100Z] 📥 GET /api/colaboradores
[2025-04-16T19:05:08.610Z] 📥 GET /api/colaboradores
[2025-04-16T19:05:34.363Z] 📥 GET /api/colaboradores
[2025-04-16T19:05:40.638Z] 📥 GET /api/colaboradores
[2025-04-16T19:05:57.265Z] 📥 GET /api/colaboradores
[2025-04-16T19:06:11.929Z] 📥 GET /api/colaboradores
[2025-04-16T19:06:34.611Z] 📥 GET /api/colaboradores
[2025-04-16T19:06:50.536Z] 📥 GET /api/colaboradores
[2025-04-16T19:07:07.630Z] 📥 GET /api/colaboradores
[2025-04-16T19:07:12.796Z] 📥 GET /api/colaboradores
[2025-04-16T19:10:47.301Z] 📥 GET /api/colaboradores
[2025-04-16T19:11:51.649Z] 📥 GET /api/colaboradores
[2025-04-16T19:12:03.731Z] 📥 GET /api/atividades
[2025-04-16T19:14:27.983Z] 📥 GET /api/colaboradores
[2025-04-16T19:15:09.127Z] 📥 GET /api/colaboradores
[2025-04-16T19:16:40.496Z] 📥 GET /api/colaboradores
[2025-04-16T19:20:18.719Z] 📥 GET /api/colaboradores
[2025-04-16T19:20:28.266Z] 📥 GET /api/colaboradores
[2025-04-16T19:20:39.405Z] 📥 GET /api/colaboradores
[2025-04-16T19:20:41.290Z] 📥 GET /api/colaboradores
[2025-04-16T19:20:41.631Z] 📥 GET /api/colaboradores
[2025-04-16T19:21:00.689Z] 📥 GET /api/colaboradores
[2025-04-16T19:21:38.407Z] 📥 GET /api/colaboradores
[2025-04-16T19:22:16.319Z] 📥 GET /api/colaboradores
[2025-04-16T19:26:11.954Z] 📥 GET /api/colaboradores
[2025-04-16T19:28:13.181Z] ✅ Conexão com o banco de dados estabelecida com sucesso!
[2025-04-16T19:28:13.197Z] 🚀 Servidor rodando em http://localhost:5500
[2025-04-16T19:28:13.198Z] 🔥 ERRO GRAVE: Error: listen EADDRINUSE: address already in use 0.0.0.0:5500
    at Server.setupListenHandle [as _listen2] (net.js:1331:16)
    at listenInCluster (net.js:1379:12)
    at doListen (net.js:1516:7)
    at processTicksAndRejections (internal/process/task_queues.js:83:21)
[2025-04-16T19:28:13.198Z] 🔥 ERRO GRAVE: Error: listen EADDRINUSE: address already in use 0.0.0.0:5500
    at Server.setupListenHandle [as _listen2] (net.js:1331:16)
    at listenInCluster (net.js:1379:12)
    at doListen (net.js:1516:7)
    at processTicksAndRejections (internal/process/task_queues.js:83:21)
[2025-04-16T19:28:49.100Z] ✅ Conexão com o banco de dados estabelecida com sucesso!
[2025-04-16T19:28:49.113Z] 🚀 Servidor rodando em http://localhost:5500
[2025-04-16T19:28:51.472Z] 📥 GET /api/colaboradores
[2025-04-16T19:28:55.657Z] 📥 GET /api/colaboradores
[2025-04-16T19:28:59.003Z] 📥 GET /api/colaboradores
[2025-04-16T19:31:55.777Z] 📥 GET /api/colaboradores
[2025-04-16T19:31:56.958Z] 📥 GET /api/colaboradores
[2025-04-16T19:31:58.846Z] 📥 GET /api/colaboradores
[2025-04-16T19:35:07.336Z] 📥 GET /api/colaboradores
[2025-04-16T19:35:43.129Z] 📥 GET /api/colaboradores
[2025-04-16T19:38:15.019Z] 📥 GET /api/colaboradores
[2025-04-16T19:38:22.690Z] 📥 GET /api/colaboradores
[2025-04-16T19:40:54.500Z] 📥 GET /api/colaboradores
[2025-04-16T19:41:11.721Z] 📥 GET /api/atividades
[2025-04-16T19:44:10.509Z] 📥 GET /api/colaboradores
[2025-04-16T19:44:18.666Z] 📥 GET /api/atividades
[2025-04-16T19:46:39.146Z] 📥 GET /api/colaboradores
[2025-04-16T19:46:42.712Z] 📥 GET /api/atividades
[2025-04-16T19:48:09.475Z] 📥 POST /api/criar-colaborador
[2025-04-16T19:48:16.994Z] 📥 POST /api/criar-colaborador
[2025-04-16T19:53:32.008Z] 📥 GET /api/colaboradores
[2025-04-16T19:53:33.813Z] 📥 GET /api/colaboradores
[2025-04-16T19:53:49.054Z] 📥 POST /api/criar-colaborador
[2025-04-16T19:54:31.353Z] 📥 GET /api/criar-colaborador
[2025-04-16T19:54:42.441Z] 📥 GET /api/colaboradores
[2025-04-16T19:55:00.407Z] 📥 GET /api/criar-colaborador
[2025-04-16T19:55:05.018Z] 📥 GET /api/colaboradores
[2025-04-16T19:55:15.660Z] 📥 POST /api/criar-colaborador
[2025-04-16T20:11:20.642Z] ✅ Conexão com o banco de dados estabelecida com sucesso!
[2025-04-16T20:11:20.654Z] 🚀 Servidor rodando em http://localhost:5500
[2025-04-16T20:11:20.654Z] 🔥 ERRO GRAVE: Error: listen EADDRINUSE: address already in use 0.0.0.0:5500
    at Server.setupListenHandle [as _listen2] (net.js:1331:16)
    at listenInCluster (net.js:1379:12)
    at doListen (net.js:1516:7)
    at processTicksAndRejections (internal/process/task_queues.js:83:21)
[2025-04-16T20:11:20.654Z] 🔥 ERRO GRAVE: Error: listen EADDRINUSE: address already in use 0.0.0.0:5500
    at Server.setupListenHandle [as _listen2] (net.js:1331:16)
    at listenInCluster (net.js:1379:12)
    at doListen (net.js:1516:7)
    at processTicksAndRejections (internal/process/task_queues.js:83:21)
[2025-04-16T20:11:28.434Z] ✅ Conexão com o banco de dados estabelecida com sucesso!
[2025-04-16T20:11:28.446Z] 🚀 Servidor rodando em http://localhost:5500
[2025-04-16T20:11:28.447Z] 🔥 ERRO GRAVE: Error: listen EADDRINUSE: address already in use 0.0.0.0:5500
    at Server.setupListenHandle [as _listen2] (net.js:1331:16)
    at listenInCluster (net.js:1379:12)
    at doListen (net.js:1516:7)
    at processTicksAndRejections (internal/process/task_queues.js:83:21)
[2025-04-16T20:11:28.447Z] 🔥 ERRO GRAVE: Error: listen EADDRINUSE: address already in use 0.0.0.0:5500
    at Server.setupListenHandle [as _listen2] (net.js:1331:16)
    at listenInCluster (net.js:1379:12)
    at doListen (net.js:1516:7)
    at processTicksAndRejections (internal/process/task_queues.js:83:21)
[2025-04-16T20:11:44.373Z] 📥 GET /api/colaboradores
[2025-04-16T20:11:51.011Z] 📥 GET /api/colaboradores
[2025-04-16T20:12:28.325Z] 📥 POST /api/criar-colaborador
[2025-04-16T20:15:08.672Z] 📥 GET /api/colaboradores
[2025-04-16T20:15:09.966Z] 📥 GET /api/colaboradores/3
[2025-04-16T20:15:55.823Z] 📥 GET /api/colaboradores
[2025-04-16T20:15:56.466Z] 📥 GET /api/colaboradores
[2025-04-16T20:15:57.272Z] 📥 GET /api/colaboradores/3
[2025-04-16T20:15:59.073Z] 📥 PUT /api/colaboradores/3
[2025-04-16T20:20:58.222Z] 📥 GET /api/colaboradores
[2025-04-16T20:21:01.008Z] 📥 GET /api/colaboradores
[2025-04-16T20:21:17.086Z] 📥 GET /api/colaboradores
[2025-04-16T20:21:17.831Z] 📥 GET /api/colaboradores
[2025-04-16T20:21:48.410Z] 📥 GET /api/colaboradores
[2025-04-16T20:22:03.663Z] 📥 GET /api/colaboradores
[2025-04-16T20:22:04.965Z] 📥 GET /api/colaboradores
[2025-04-16T20:22:44.086Z] 📥 GET /api/colaboradores
[2025-04-16T20:23:18.222Z] 📥 GET /api/colaboradores
[2025-04-16T20:25:56.584Z] 📥 GET /api/colaboradores
[2025-04-16T20:26:04.864Z] 📥 GET /api/colaboradores
[2025-04-16T20:26:29.386Z] 📥 GET /api/colaboradores
[2025-04-16T20:26:30.344Z] 📥 GET /api/colaboradores
[2025-04-16T20:26:54.678Z] 📥 GET /api/colaboradores
[2025-04-16T20:26:54.789Z] 📥 GET /api/colaboradores
[2025-04-16T20:27:04.389Z] 📥 GET /api/colaboradores
[2025-04-16T20:27:33.864Z] 📥 GET /api/colaboradores
[2025-04-16T20:27:44.029Z] 📥 GET /api/colaboradores
[2025-04-16T20:27:52.420Z] 📥 GET /api/colaboradores
[2025-04-16T20:28:15.947Z] 📥 GET /api/colaboradores
[2025-04-16T20:28:34.934Z] 📥 GET /api/colaboradores
[2025-04-16T20:28:35.062Z] 📥 GET /favicon.ico
[2025-04-16T20:33:05.666Z] 📥 GET /api/atividades
[2025-04-16T20:34:47.849Z] ✅ Conexão com o banco de dados estabelecida com sucesso!
[2025-04-16T20:34:47.861Z] 🚀 Servidor rodando em http://localhost:5500
[2025-04-16T20:34:47.862Z] 🔥 ERRO GRAVE: Error: listen EADDRINUSE: address already in use 0.0.0.0:5500
    at Server.setupListenHandle [as _listen2] (net.js:1331:16)
    at listenInCluster (net.js:1379:12)
    at doListen (net.js:1516:7)
    at processTicksAndRejections (internal/process/task_queues.js:83:21)
[2025-04-16T20:34:47.862Z] 🔥 ERRO GRAVE: Error: listen EADDRINUSE: address already in use 0.0.0.0:5500
    at Server.setupListenHandle [as _listen2] (net.js:1331:16)
    at listenInCluster (net.js:1379:12)
    at doListen (net.js:1516:7)
    at processTicksAndRejections (internal/process/task_queues.js:83:21)
[2025-04-16T20:36:19.178Z] ✅ Conexão com o banco de dados estabelecida com sucesso!
[2025-04-16T20:36:19.191Z] 🚀 Servidor rodando em http://localhost:5500
[2025-04-16T20:36:19.191Z] 🔥 ERRO GRAVE: Error: listen EADDRINUSE: address already in use 0.0.0.0:5500
    at Server.setupListenHandle [as _listen2] (net.js:1331:16)
    at listenInCluster (net.js:1379:12)
    at doListen (net.js:1516:7)
    at processTicksAndRejections (internal/process/task_queues.js:83:21)
[2025-04-16T20:36:19.191Z] 🔥 ERRO GRAVE: Error: listen EADDRINUSE: address already in use 0.0.0.0:5500
    at Server.setupListenHandle [as _listen2] (net.js:1331:16)
    at listenInCluster (net.js:1379:12)
    at doListen (net.js:1516:7)
    at processTicksAndRejections (internal/process/task_queues.js:83:21)
[2025-04-16T20:36:27.466Z] 📥 GET /api/colaboradores
[2025-04-16T20:37:39.153Z] ✅ Conexão com o banco de dados estabelecida com sucesso!
[2025-04-16T20:37:39.165Z] 🚀 Servidor rodando em http://localhost:5500
[2025-04-16T20:37:39.165Z] 🔥 ERRO GRAVE: Error: listen EADDRINUSE: address already in use 0.0.0.0:5500
    at Server.setupListenHandle [as _listen2] (net.js:1331:16)
    at listenInCluster (net.js:1379:12)
    at doListen (net.js:1516:7)
    at processTicksAndRejections (internal/process/task_queues.js:83:21)
[2025-04-16T20:37:39.166Z] 🔥 ERRO GRAVE: Error: listen EADDRINUSE: address already in use 0.0.0.0:5500
    at Server.setupListenHandle [as _listen2] (net.js:1331:16)
    at listenInCluster (net.js:1379:12)
    at doListen (net.js:1516:7)
    at processTicksAndRejections (internal/process/task_queues.js:83:21)
[2025-04-16T20:38:32.608Z] 📥 GET /api/colaboradores
[2025-04-16T20:39:54.089Z] 📥 GET /api/colaboradores
[2025-04-16T20:40:04.532Z] ✅ Conexão com o banco de dados estabelecida com sucesso!
[2025-04-16T20:40:04.543Z] 🚀 Servidor rodando em http://localhost:5500
[2025-04-16T20:40:04.544Z] 🔥 ERRO GRAVE: Error: listen EADDRINUSE: address already in use 0.0.0.0:5500
    at Server.setupListenHandle [as _listen2] (net.js:1331:16)
    at listenInCluster (net.js:1379:12)
    at doListen (net.js:1516:7)
    at processTicksAndRejections (internal/process/task_queues.js:83:21)
[2025-04-16T20:40:04.544Z] 🔥 ERRO GRAVE: Error: listen EADDRINUSE: address already in use 0.0.0.0:5500
    at Server.setupListenHandle [as _listen2] (net.js:1331:16)
    at listenInCluster (net.js:1379:12)
    at doListen (net.js:1516:7)
    at processTicksAndRejections (internal/process/task_queues.js:83:21)
[2025-04-16T20:40:30.171Z] 📥 GET /api/colaboradores
[2025-04-16T20:42:54.853Z] ✅ Conexão com o banco de dados estabelecida com sucesso!
[2025-04-16T20:42:54.867Z] 🚀 Servidor rodando em http://localhost:5500
[2025-04-16T20:42:54.868Z] 🔥 ERRO GRAVE: Error: listen EADDRINUSE: address already in use 0.0.0.0:5500
    at Server.setupListenHandle [as _listen2] (net.js:1331:16)
    at listenInCluster (net.js:1379:12)
    at doListen (net.js:1516:7)
    at processTicksAndRejections (internal/process/task_queues.js:83:21)
[2025-04-16T20:42:54.868Z] 🔥 ERRO GRAVE: Error: listen EADDRINUSE: address already in use 0.0.0.0:5500
    at Server.setupListenHandle [as _listen2] (net.js:1331:16)
    at listenInCluster (net.js:1379:12)
    at doListen (net.js:1516:7)
    at processTicksAndRejections (internal/process/task_queues.js:83:21)
[2025-04-16T20:43:15.691Z] ✅ Conexão com o banco de dados estabelecida com sucesso!
[2025-04-16T20:43:15.703Z] 🚀 Servidor rodando em http://localhost:5501
[2025-04-16T20:43:15.704Z] 🔥 ERRO GRAVE: Error: listen EADDRINUSE: address already in use 0.0.0.0:5501
    at Server.setupListenHandle [as _listen2] (net.js:1331:16)
    at listenInCluster (net.js:1379:12)
    at doListen (net.js:1516:7)
    at processTicksAndRejections (internal/process/task_queues.js:83:21)
[2025-04-16T20:43:15.704Z] 🔥 ERRO GRAVE: Error: listen EADDRINUSE: address already in use 0.0.0.0:5501
    at Server.setupListenHandle [as _listen2] (net.js:1331:16)
    at listenInCluster (net.js:1379:12)
    at doListen (net.js:1516:7)
    at processTicksAndRejections (internal/process/task_queues.js:83:21)
[2025-04-16T20:47:10.082Z] ✅ Conexão com o banco de dados estabelecida com sucesso!
[2025-04-16T20:47:34.139Z] ✅ Conexão com o banco de dados estabelecida com sucesso!
[2025-04-16T20:47:50.278Z] ✅ Conexão com o banco de dados estabelecida com sucesso!
[2025-04-16T20:48:05.190Z] ✅ Conexão com o banco de dados estabelecida com sucesso!
[2025-04-16T20:48:05.202Z] 🚀 Servidor rodando em http://localhost:5501
[2025-04-16T20:48:05.202Z] 🔥 ERRO GRAVE: Error: listen EADDRINUSE: address already in use 0.0.0.0:5501
    at Server.setupListenHandle [as _listen2] (net.js:1331:16)
    at listenInCluster (net.js:1379:12)
    at doListen (net.js:1516:7)
    at processTicksAndRejections (internal/process/task_queues.js:83:21)
[2025-04-16T20:48:05.203Z] 🔥 ERRO GRAVE: Error: listen EADDRINUSE: address already in use 0.0.0.0:5501
    at Server.setupListenHandle [as _listen2] (net.js:1331:16)
    at listenInCluster (net.js:1379:12)
    at doListen (net.js:1516:7)
    at processTicksAndRejections (internal/process/task_queues.js:83:21)
[2025-04-16T20:48:25.612Z] ✅ Conexão com o banco de dados estabelecida com sucesso!
[2025-04-16T20:49:46.255Z] ✅ Conexão com o banco de dados estabelecida com sucesso!
[2025-04-16T20:49:46.267Z] 🚀 Servidor rodando em http://localhost:5500
[2025-04-16T20:49:48.945Z] 📥 GET /api/colaboradores
[2025-04-16T20:49:49.022Z] 📥 GET /favicon.ico
[2025-04-16T20:49:51.938Z] 📥 GET /api/colaboradores
[2025-04-16T20:49:53.625Z] 📥 GET /api/colaboradores/3
[2025-04-16T20:50:12.224Z] 📥 GET /api/atividades
[2025-04-16T20:52:30.024Z] 📥 GET /api/colaboradores
[2025-04-16T20:52:37.871Z] 📥 POST /api/criar-colaborador
[2025-04-16T20:52:40.529Z] 📥 GET /api/colaboradores
[2025-04-16T20:52:44.505Z] 📥 GET /api/colaboradores
[2025-04-16T20:54:52.340Z] ✅ Conexão com o banco de dados estabelecida com sucesso!
[2025-04-16T20:54:52.351Z] 🚀 Servidor rodando em http://localhost:5500
[2025-04-16T20:54:54.304Z] 📥 GET /api/colaboradores
[2025-04-16T20:55:08.521Z] 📥 GET /api/atividades
[2025-04-16T21:36:32.788Z] ✅ Conexão com o banco de dados estabelecida com sucesso!
[2025-04-16T21:36:32.857Z] 🚀 Servidor rodando em http://localhost:5500
[2025-04-16T21:36:36.988Z] 📥 GET /api/colaboradores
[2025-04-16T21:36:37.159Z] 📥 GET /favicon.ico
[2025-04-16T21:37:20.026Z] 📥 GET /assets/default-profile.png
[2025-04-16T21:37:38.667Z] 📥 GET /api/colaboradores
[2025-04-16T21:37:42.120Z] 📥 GET /api/colaboradores/3
[2025-04-16T21:37:51.576Z] 📥 DELETE /api/colaboradores/3
[2025-04-16T21:37:52.784Z] 📥 GET /api/colaboradores
[2025-04-16T21:37:55.217Z] 📥 GET /api/colaboradores
[2025-04-16T21:38:36.865Z] 📥 GET /styles.css
[2025-04-16T21:43:55.333Z] ✅ Conexão com o banco de dados estabelecida com sucesso!
[2025-04-16T21:43:55.345Z] 🚀 Servidor rodando em http://localhost:5500
[2025-04-16T21:43:57.475Z] 📥 GET /api/colaboradores
[2025-04-16T21:45:54.728Z] ✅ Conexão com o banco de dados estabelecida com sucesso!
[2025-04-16T21:45:54.742Z] 🚀 Servidor rodando em http://localhost:5500
[2025-04-16T21:45:58.192Z] 📥 GET /api/colaboradores
[2025-04-16T22:15:01.338Z] ✅ Conexão com o banco de dados estabelecida com sucesso!
[2025-04-16T22:15:01.348Z] 🚀 Servidor rodando em http://localhost:5500
[2025-04-16T22:15:03.924Z] 📥 GET /api/colaboradores
[2025-04-16T22:15:13.621Z] 📥 GET /api/colaboradores
[2025-04-16T22:17:03.170Z] 📥 GET /api/colaboradores
[2025-04-16T22:17:41.007Z] ✅ Conexão com o banco de dados estabelecida com sucesso!
[2025-04-16T22:17:41.018Z] 🚀 Servidor rodando em http://localhost:5500
[2025-04-16T22:17:43.373Z] 📥 GET /api/colaboradores
[2025-04-16T22:18:06.827Z] 📥 GET /styles.css
[2025-04-16T22:18:09.160Z] 📥 GET /api/colaboradores
[2025-04-16T22:18:11.278Z] 📥 GET /api/colaboradores/4
[2025-04-16T22:19:11.079Z] 📥 GET /api/atividades
[2025-04-16T22:19:40.608Z] 📥 GET /api/colaboradores
[2025-04-16T22:19:42.367Z] 📥 GET /api/colaboradores/4
[2025-04-16T22:19:53.357Z] 📥 GET /api/colaboradores
[2025-04-16T22:19:53.500Z] 📥 GET /favicon.ico
[2025-04-16T22:22:50.291Z] 📥 GET /api/colaboradores
[2025-04-16T22:22:50.368Z] 📥 GET /favicon.ico
[2025-04-16T22:24:19.456Z] 📥 GET /api/colaboradores
[2025-04-16T22:28:03.796Z] 📥 GET /api/colaboradores
[2025-04-16T22:28:05.240Z] 📥 GET /api/colaboradores/4
[2025-04-16T22:28:11.195Z] 📥 GET /api/colaboradores
[2025-04-16T22:28:25.293Z] 📥 GET /api/colaboradores
[2025-04-16T22:28:27.053Z] 📥 GET /styles.css
[2025-04-16T22:28:30.958Z] 📥 GET /assets/default-profile.png
[2025-04-16T22:28:32.451Z] 📥 GET /assets/default-profile.png
[2025-04-16T22:33:10.988Z] 📥 GET /api/colaboradores
[2025-04-16T22:33:28.035Z] 📥 GET /api/colaboradores
[2025-04-16T22:33:58.321Z] 📥 GET /api/colaboradores
[2025-04-16T22:36:36.347Z] 📥 GET /api/colaboradores
[2025-04-16T22:37:13.272Z] 📥 GET /api/colaboradores
[2025-04-16T22:37:15.095Z] 📥 GET /styles.css
[2025-04-16T22:37:34.106Z] 📥 GET /api/atividades
[2025-04-16T22:42:23.402Z] 📥 GET /api/atividades
[2025-04-16T22:45:41.734Z] 📥 GET /api/colaboradores
[2025-04-16T22:53:03.185Z] 📥 GET /api/colaboradores
[2025-04-16T22:53:03.246Z] 📥 GET /favicon.ico
[2025-04-16T22:53:04.387Z] 📥 GET /api/colaboradores
[2025-04-16T22:53:52.421Z] 📥 GET /api/colaboradores
[2025-04-16T23:00:11.628Z] ✅ Conexão com o banco de dados estabelecida com sucesso!
[2025-04-16T23:00:11.640Z] 🚀 Servidor rodando em http://localhost:5500
[2025-04-16T23:00:16.447Z] 📥 GET /api/colaboradores
[2025-04-16T23:00:38.472Z] 📥 GET /api/colaboradores
[2025-04-16T23:01:20.857Z] 📥 GET /api/colaboradores
[2025-04-16T23:03:19.853Z] 📥 GET /api/atividades
[2025-04-16T23:04:42.959Z] 📥 GET /api/atividades
[2025-04-16T23:11:31.816Z] 📥 GET /api/colaboradores
[2025-04-16T23:13:24.901Z] 📥 GET /api/colaboradores
[2025-04-16T23:13:30.044Z] ✅ Conexão com o banco de dados estabelecida com sucesso!
[2025-04-16T23:13:30.054Z] 🚀 Servidor rodando em http://localhost:5500
[2025-04-16T23:13:32.241Z] 📥 GET /api/colaboradores
[2025-04-16T23:20:53.917Z] 📥 GET /api/colaboradores
[2025-04-16T23:20:54.000Z] 📥 GET /favicon.ico
[2025-04-16T23:27:02.044Z] ✅ Conexão com o banco de dados estabelecida com sucesso!
[2025-04-16T23:27:02.055Z] 🔥 ERRO GRAVE: Error: listen EADDRINUSE: address already in use 0.0.0.0:5500
    at Server.setupListenHandle [as _listen2] (net.js:1331:16)
    at listenInCluster (net.js:1379:12)
    at doListen (net.js:1516:7)
    at processTicksAndRejections (internal/process/task_queues.js:83:21)
[2025-04-16T23:27:17.532Z] ✅ Conexão com o banco de dados estabelecida com sucesso!
[2025-04-16T23:27:17.542Z] 🚀 Servidor rodando em http://localhost:5500
[2025-04-16T23:27:19.483Z] 📥 GET /api/colaboradores
[2025-04-16T23:27:21.177Z] 📥 GET /api/colaboradores
[2025-04-16T23:27:44.705Z] 📥 GET /api/colaboradores
[2025-04-16T23:30:23.270Z] 📥 GET /api/colaboradores
[2025-04-16T23:30:24.508Z] 📥 GET /api/colaboradores
[2025-04-16T23:31:00.156Z] 📥 GET /api/atividades
[2025-04-16T23:32:15.257Z] 📥 GET /api/colaboradores
[2025-04-21T18:47:19.016Z] ✅ Conexão com o banco de dados estabelecida com sucesso!
[2025-04-21T18:47:19.028Z] 🚀 Servidor rodando em http://localhost:5500
[2025-04-21T18:47:21.819Z] 📥 GET /api/colaboradores
[2025-04-21T18:47:22.024Z] 📥 GET /favicon.ico
[2025-04-21T18:49:55.703Z] 📥 GET /api/colaboradores
[2025-04-21T18:49:55.716Z] 📥 GET /favicon.ico
[2025-04-21T18:50:26.024Z] 📥 GET /api/colaboradores
[2025-04-21T18:50:50.715Z] 📥 GET /api/colaboradores
[2025-04-21T18:52:38.991Z] 📥 GET /api/colaboradores
[2025-04-21T18:54:44.248Z] 📥 GET /api/atividades
[2025-04-21T18:54:44.439Z] 📥 GET /favicon.ico
[2025-04-21T18:55:25.582Z] 📥 GET /api/colaboradores
[2025-04-21T18:55:25.738Z] 📥 GET /favicon.ico
[2025-04-21T18:55:44.624Z] 📥 GET /favicon.ico
[2025-04-21T18:56:28.953Z] 📥 GET /favicon.ico
[2025-04-21T18:57:12.249Z] 📥 GET /api/colaboradores
[2025-04-21T18:58:09.774Z] 📥 GET /api/colaboradores
[2025-04-21T18:59:11.883Z] 📥 GET /api/colaboradores
[2025-04-21T18:59:43.869Z] 📥 GET //api/colaboradores
[2025-04-21T18:59:51.782Z] 📥 GET /api/colaboradores
[2025-04-21T19:00:24.998Z] 📥 GET /api/colaboradores
[2025-04-21T19:00:26.802Z] 📥 GET /api/colaboradores
[2025-04-21T19:07:18.950Z] 📥 POST /api/atividades
[2025-04-21T19:07:37.309Z] 📥 GET /api/colaboradores
[2025-04-21T19:09:20.766Z] 📥 GET /api/colaboradores
[2025-04-21T19:09:51.205Z] 📥 GET /api/colaboradores
[2025-04-21T19:10:44.956Z] 📥 POST /api/atividades
[2025-04-21T19:11:00.283Z] 📥 POST /api/atividades
[2025-04-21T19:11:00.985Z] 📥 POST /api/atividades
[2025-04-21T19:11:01.454Z] 📥 POST /api/atividades
[2025-04-21T19:11:02.158Z] 📥 POST /api/atividades
[2025-04-21T19:11:02.678Z] 📥 POST /api/atividades
[2025-04-21T19:11:03.183Z] 📥 POST /api/atividades
[2025-04-21T19:11:03.639Z] 📥 POST /api/atividades
[2025-04-21T19:11:04.126Z] 📥 POST /api/atividades
[2025-04-21T19:11:18.343Z] 📥 POST /api/atividades
[2025-04-21T19:13:09.606Z] 📥 POST /api/atividades
[2025-04-21T19:13:26.712Z] 📥 GET /api/colaboradores
[2025-04-21T19:18:43.177Z] 📥 GET /styles.css
[2025-04-21T19:18:43.830Z] 📥 GET /styles.css
[2025-04-21T19:21:01.706Z] ✅ Conexão com o banco de dados estabelecida com sucesso!
[2025-04-21T19:21:01.717Z] 🚀 Servidor rodando em http://localhost:5500
[2025-04-21T19:21:05.036Z] 📥 GET /api/colaboradores
[2025-04-21T19:21:06.152Z] 📥 GET /favicon.ico
[2025-04-21T19:21:25.449Z] 📥 GET /api/colaboradores
[2025-04-21T19:21:28.476Z] 📥 GET /api/colaboradores
[2025-04-21T19:21:37.740Z] 📥 GET /api/colaboradores
[2025-04-21T19:21:57.383Z] 📥 GET /api/colaboradores
[2025-04-21T19:24:49.593Z] 📥 GET /api/colaboradores
[2025-04-21T19:25:24.378Z] 📥 POST /api/atividades
[2025-04-21T19:25:53.272Z] 📥 POST /api/atividades
[2025-04-21T19:25:54.260Z] 📥 POST /api/atividades
[2025-04-21T19:25:54.586Z] 📥 POST /api/atividades
[2025-04-21T19:25:55.051Z] 📥 POST /api/atividades
[2025-04-21T19:26:04.554Z] 📥 POST /api/atividades
[2025-04-21T19:53:50.214Z] 📥 POST /api/atividades
[2025-04-21T20:21:16.044Z] 📥 POST /api/atividades
[2025-04-21T20:21:17.585Z] 📥 POST /api/atividades
[2025-04-21T20:21:18.533Z] 📥 POST /api/atividades
[2025-04-21T20:21:19.214Z] 📥 POST /api/atividades
[2025-04-21T20:21:28.105Z] 📥 POST /api/atividades
[2025-04-21T20:21:40.030Z] 📥 POST /api/atividades
[2025-04-21T21:39:05.389Z] ✅ Conexão com o banco de dados estabelecida com sucesso!
[2025-04-21T21:39:05.400Z] 🚀 Servidor rodando em http://localhost:5500
[2025-04-21T21:39:07.562Z] 📥 GET /favicon.ico
[2025-04-21T21:39:11.096Z] 📥 GET /api/colaboradores
[2025-04-21T21:40:22.017Z] 📥 GET /favicon.ico
[2025-04-21T21:40:23.566Z] 📥 GET /api/colaboradores
[2025-04-21T21:40:58.663Z] 📥 GET /api/colaboradores/$%7Bid%7D
[2025-04-21T21:41:14.316Z] 📥 GET /api/colaboradores
[2025-04-21T21:41:15.314Z] 📥 GET /api/colaboradores
[2025-04-21T21:42:31.223Z] 📥 GET /api/colaboradores
[2025-04-21T21:43:08.984Z] 📥 GET /api/colaboradores
[2025-04-21T21:43:21.417Z] 📥 GET /api/colaboradores
[2025-04-21T21:43:54.656Z] 📥 GET /api/colaboradores
[2025-04-21T21:45:19.822Z] 📥 GET /api/colaboradores
[2025-04-21T21:45:26.172Z] 📥 GET /api/colaboradores
[2025-04-21T21:47:24.900Z] 📥 GET /api/colaboradores
[2025-04-21T21:47:27.075Z] 📥 GET /api/colaboradores
[2025-04-21T21:48:22.179Z] 📥 GET /api/colaboradores
[2025-04-21T21:48:25.904Z] 📥 GET /api/colaboradores
[2025-04-21T21:48:27.238Z] 📥 GET /api/colaboradores
[2025-04-21T21:48:29.916Z] ✅ Conexão com o banco de dados estabelecida com sucesso!
[2025-04-21T21:48:29.927Z] 🚀 Servidor rodando em http://localhost:5500
[2025-04-21T21:48:35.740Z] 📥 GET /api/colaboradores
[2025-04-21T21:48:47.283Z] 📥 GET /favicon.ico
[2025-04-21T21:48:53.857Z] 📥 GET /favicon.ico
[2025-04-21T21:48:58.105Z] 📥 GET /api/colaboradores
[2025-04-21T21:49:08.891Z] 📥 GET /api/colaboradores
[2025-04-21T21:49:50.352Z] 📥 GET /api/colaboradores
[2025-04-21T21:49:56.912Z] 📥 GET /api/colaboradores
[2025-04-21T21:49:56.916Z] 📥 GET /foto.jpg
[2025-04-21T21:50:01.776Z] 📥 GET /api/colaboradores/1
[2025-04-21T21:50:01.783Z] 📥 GET /foto.jpg
[2025-04-21T21:50:09.306Z] 📥 PUT /api/colaboradores/1
[2025-04-21T21:50:14.670Z] 📥 PUT /api/colaboradores/1
[2025-04-21T21:50:22.220Z] 📥 GET /api/colaboradores/1
[2025-04-21T21:50:22.224Z] 📥 GET /foto.jpg
[2025-04-21T21:50:23.876Z] 📥 GET /api/colaboradores/1
[2025-04-21T21:50:23.882Z] 📥 GET /foto.jpg
[2025-04-21T21:50:24.275Z] 📥 GET /api/colaboradores/1
[2025-04-21T21:50:24.280Z] 📥 GET /foto.jpg
[2025-04-21T21:50:24.627Z] 📥 GET /api/colaboradores/1
[2025-04-21T21:50:24.634Z] 📥 GET /foto.jpg
[2025-04-21T21:50:24.670Z] 📥 GET /api/colaboradores/1
[2025-04-21T21:50:24.675Z] 📥 GET /foto.jpg
[2025-04-21T21:51:26.154Z] 📥 GET /api/colaboradores/1
[2025-04-21T21:51:26.160Z] 📥 GET /foto.jpg
[2025-04-21T21:51:30.369Z] 📥 GET /api/colaboradores/1
[2025-04-21T21:51:30.372Z] 📥 GET /foto.jpg
[2025-04-21T21:51:38.015Z] 📥 GET /api/colaboradores/1
[2025-04-21T21:51:38.020Z] 📥 GET /foto.jpg
[2025-04-21T21:51:42.247Z] 📥 GET /api/colaboradores
[2025-04-21T21:51:42.250Z] 📥 GET /foto.jpg
[2025-04-21T21:51:46.496Z] 📥 GET /foto.jpg
[2025-04-21T21:51:49.415Z] 📥 GET /api/colaboradores/1
[2025-04-21T21:51:49.420Z] 📥 GET /foto.jpg
[2025-04-21T21:52:22.936Z] 📥 GET /api/colaboradores/1
[2025-04-21T21:52:22.941Z] 📥 GET /foto.jpg
[2025-04-21T21:52:48.109Z] 📥 GET /api/colaboradores/1
[2025-04-21T21:52:48.113Z] 📥 GET /foto.jpg
[2025-04-21T21:52:49.246Z] 📥 GET /api/colaboradores/1
[2025-04-21T21:52:49.270Z] 📥 GET /foto.jpg
[2025-04-21T21:53:01.516Z] 📥 PUT /api/colaboradores/1
[2025-04-21T21:54:38.157Z] 📥 GET /api/colaboradores/1
[2025-04-21T21:55:01.130Z] 📥 GET /api/colaboradores/1
[2025-04-21T21:55:43.759Z] 📥 GET /api/colaboradores
[2025-04-21T21:55:43.763Z] 📥 GET /foto.jpg
[2025-04-21T21:55:44.606Z] 📥 GET /api/colaboradores
[2025-04-21T21:55:44.610Z] 📥 GET /foto.jpg
[2025-04-21T21:55:46.240Z] 📥 GET /api/colaboradores/1
[2025-04-21T21:55:46.246Z] 📥 GET /foto.jpg
[2025-04-21T21:55:47.661Z] 📥 PUT /api/colaboradores/1
[2025-04-21T21:57:28.209Z] 📥 GET /api/colaboradores
[2025-04-21T21:57:28.212Z] 📥 GET /foto.jpg
[2025-04-21T21:57:40.992Z] 📥 POST /api/criar-colaborador
[2025-04-21T21:57:48.370Z] 📥 POST /api/criar-colaborador
[2025-04-21T21:57:51.476Z] 📥 GET /api/colaboradores
[2025-04-21T21:57:51.479Z] 📥 GET /foto.jpg
[2025-04-21T21:58:03.301Z] 📥 POST /api/criar-colaborador
[2025-04-21T21:58:31.129Z] 📥 GET /api/criar-colaborador
[2025-04-21T22:02:17.675Z] 📥 GET /api/colaboradores
[2025-04-21T22:02:17.678Z] 📥 GET /foto.jpg
[2025-04-21T22:02:21.900Z] 📥 POST /api/atividades
[2025-04-21T22:02:25.844Z] 📥 GET /api/colaboradores
[2025-04-21T22:02:25.848Z] 📥 GET /foto.jpg
[2025-04-21T22:02:27.235Z] 📥 GET /api/colaboradores
[2025-04-21T22:02:27.239Z] 📥 GET /foto.jpg
[2025-04-21T22:02:46.674Z] 📥 GET /api/colaboradores
[2025-04-21T22:02:46.677Z] 📥 GET /foto.jpg
[2025-04-21T22:02:55.040Z] 📥 GET /api/colaboradores
[2025-04-21T22:02:55.046Z] 📥 GET /foto.jpg
[2025-04-21T22:03:10.934Z] 📥 GET /api/colaboradores
[2025-04-21T22:03:10.937Z] 📥 GET /foto.jpg
[2025-04-21T22:03:32.766Z] 📥 POST /api/criar-colaborador
[2025-04-21T22:05:00.058Z] 📥 GET /api/criar-colaboradores
[2025-04-21T22:05:43.839Z] 📥 GET /api/colaboradores
[2025-04-21T22:05:43.842Z] 📥 GET /foto.jpg
[2025-04-21T22:05:58.131Z] 📥 POST /api/colaboradores
[2025-04-21T22:06:28.928Z] 📥 GET /api/colaboradores
[2025-04-21T22:06:28.931Z] 📥 GET /foto.jpg
[2025-04-21T22:06:29.938Z] 📥 GET /api/colaboradores
[2025-04-21T22:06:29.942Z] 📥 GET /foto.jpg
[2025-04-21T22:06:53.260Z] 📥 POST /api/colaboradores
[2025-04-21T22:07:02.711Z] 📥 GET /api/colaboradores
[2025-04-21T22:07:02.718Z] 📥 GET /foto.jpg
[2025-04-21T22:07:03.304Z] 📥 GET /api/colaboradores/2
[2025-04-21T22:07:07.138Z] 📥 GET /api/colaboradores/1
[2025-04-21T22:07:07.141Z] 📥 GET /foto.jpg
[2025-04-21T22:07:23.556Z] 📥 GET /api/atividades/$%7Baula.id%7D/confirmar
[2025-04-21T22:08:08.967Z] 📥 GET /api/atividades
[2025-04-21T22:11:47.984Z] ✅ Conexão com o banco de dados estabelecida!
[2025-04-21T22:11:47.997Z] 🚀 Servidor rodando em http://localhost:5500
[2025-04-21T22:14:55.900Z] GET /api/atividades
[2025-04-22T01:41:18.094Z] GET /api/colaboradores
[2025-04-22T01:41:18.102Z] GET /foto.jpg
[2025-04-22T01:41:20.577Z] GET /styles.css
[2025-04-22T01:41:22.225Z] GET /styles.css
[2025-04-22T01:42:14.677Z] GET /api/atividades/$%7BatividadeSelecionada.id%7D
[2025-04-22T01:42:43.919Z] GET /api/atividades/$%7BatividadeSelecionada.id%7D
[2025-04-22T01:43:55.518Z] GET /api/atividades
[2025-04-22T01:52:59.285Z] ✅ Conexão com o banco de dados estabelecida!
[2025-04-22T01:52:59.297Z] 🚀 Servidor rodando em http://localhost:5500
[2025-04-22T01:53:08.156Z] POST /api/atividades
[2025-04-22T02:13:43.795Z] ✅ Conexão com o banco de dados estabelecida!
[2025-04-22T02:13:43.807Z] 🚀 Servidor rodando em http://localhost:5500
[2025-04-22T02:13:45.712Z] GET /favicon.ico
[2025-04-22T02:40:55.287Z] ✅ Conexão com o banco de dados estabelecida!
[2025-04-22T02:40:55.298Z] 🚀 Servidor rodando em http://localhost:5500
[2025-04-22T17:35:20.641Z] ✅ Conexão com o banco de dados estabelecida!
[2025-04-22T17:35:20.653Z] 🚀 Servidor rodando em http://localhost:5500
[2025-04-22T17:35:22.663Z] GET /favicon.ico
[2025-04-22T18:01:28.999Z] ✅ Conexão com o banco de dados estabelecida!
[2025-04-22T18:01:29.010Z] 🚀 Servidor rodando em http://localhost:5500
[2025-04-22T18:12:18.832Z] ✅ Conexão com o banco de dados estabelecida!
[2025-04-22T18:12:18.845Z] 🚀 Servidor rodando em http://localhost:5500
[2025-04-22T18:12:24.473Z] GET /api/colaboradores
[2025-04-22T18:12:24.506Z] GET /foto.jpg
[2025-04-22T18:12:25.651Z] GET /api/colaboradores
[2025-04-22T18:12:25.655Z] GET /foto.jpg
[2025-04-22T18:12:27.296Z] GET /api/colaboradores/1
[2025-04-22T18:12:27.303Z] GET /foto.jpg
[2025-04-22T18:12:32.393Z] GET /styles.css
[2025-04-22T18:19:51.074Z] GET /styles.css
[2025-04-22T18:21:03.055Z] POST /api/atividades
[2025-04-22T18:23:39.540Z] ✅ Conexão com o banco de dados estabelecida!
[2025-04-22T18:23:39.551Z] 🚀 Servidor rodando em http://localhost:5500
[2025-04-22T18:40:40.795Z] GET /api/atividades
[2025-04-22T18:40:40.821Z] Erro GET /atividades: Error: Unknown column 'hora_inicio' in 'field list'
[2025-04-22T18:40:45.605Z] GET /api/atividades
[2025-04-22T18:40:45.606Z] Erro GET /atividades: Error: Unknown column 'hora_inicio' in 'field list'
[2025-04-22T18:40:45.775Z] GET /api/atividades
[2025-04-22T18:40:45.776Z] Erro GET /atividades: Error: Unknown column 'hora_inicio' in 'field list'
[2025-04-22T18:40:45.957Z] GET /api/atividades
[2025-04-22T18:40:45.958Z] Erro GET /atividades: Error: Unknown column 'hora_inicio' in 'field list'
[2025-04-22T18:40:46.118Z] GET /api/atividades
[2025-04-22T18:40:46.119Z] Erro GET /atividades: Error: Unknown column 'hora_inicio' in 'field list'
[2025-04-22T18:40:46.286Z] GET /api/atividades
[2025-04-22T18:40:46.287Z] Erro GET /atividades: Error: Unknown column 'hora_inicio' in 'field list'
[2025-04-22T18:40:46.471Z] GET /api/atividades
[2025-04-22T18:40:46.472Z] Erro GET /atividades: Error: Unknown column 'hora_inicio' in 'field list'
[2025-04-22T18:41:14.697Z] GET /api/atividades
[2025-04-22T18:41:14.698Z] Erro GET /atividades: Error: Unknown column 'hora_inicio' in 'field list'
[2025-04-22T18:41:28.301Z] GET /api/atividades
[2025-04-22T18:41:28.302Z] Erro GET /atividades: Error: Unknown column 'hora_inicio' in 'field list'
[2025-04-22T18:41:48.786Z] GET /api/atividades
[2025-04-22T18:41:48.787Z] Erro GET /atividades: Error: Unknown column 'hora_inicio' in 'field list'
[2025-04-22T18:41:48.876Z] GET /favicon.ico
[2025-04-22T18:41:51.546Z] GET /api/atividades
[2025-04-22T18:41:51.547Z] Erro GET /atividades: Error: Unknown column 'hora_inicio' in 'field list'
[2025-04-22T18:45:28.018Z] GET /api/atividades
[2025-04-22T18:45:28.019Z] Erro GET /atividades: Error: Unknown column 'hora_inicio' in 'field list'
[2025-04-22T18:49:50.657Z] GET /api/atividades
[2025-04-22T18:49:50.658Z] Erro GET /atividades: Error: Unknown column 'hora_inicio' in 'field list'
[2025-04-22T18:50:05.216Z] GET /api/atividades
[2025-04-22T18:50:05.217Z] Erro GET /atividades: Error: Unknown column 'hora_inicio' in 'field list'
[2025-04-22T18:50:23.682Z] GET /api/atividades
[2025-04-22T18:50:23.683Z] Erro GET /atividades: Error: Unknown column 'hora_inicio' in 'field list'
[2025-04-22T19:02:34.426Z] GET /api/atividades
[2025-04-22T19:02:34.429Z] Erro GET /atividades: Error: Unknown column 'hora_inicio' in 'field list'
[2025-04-22T19:02:49.291Z] GET /api/colaboradores
[2025-04-22T19:02:49.298Z] GET /api/colaboradores
[2025-04-22T19:02:49.302Z] GET /foto.jpg
[2025-04-22T19:02:51.783Z] GET /api/colaboradores
[2025-04-22T19:02:51.785Z] GET /api/colaboradores
[2025-04-22T19:02:51.788Z] GET /foto.jpg
[2025-04-22T19:04:14.186Z] GET /api/colaboradores
[2025-04-22T19:04:14.190Z] GET /foto.jpg
[2025-04-22T19:04:36.152Z] POST /api/colaboradores
[2025-04-22T19:07:00.091Z] GET /api/atividades
[2025-04-22T19:07:00.092Z] Erro GET /atividades: Error: Unknown column 'hora_inicio' in 'field list'
[2025-04-22T19:12:21.844Z] GET /api/colaboradores
[2025-04-22T19:12:21.846Z] GET /api/colaboradores
[2025-04-22T19:12:35.540Z] GET /api/colaboradores
[2025-04-22T19:12:35.541Z] GET /api/colaboradores
[2025-04-22T19:12:35.544Z] GET /foto.jpg
[2025-04-22T19:13:11.556Z] GET /api/colaboradores
[2025-04-22T19:13:11.560Z] GET /foto.jpg
[2025-04-22T19:13:13.008Z] GET /api/colaboradores
[2025-04-22T19:13:13.011Z] GET /foto.jpg
[2025-04-22T19:13:31.038Z] POST /api/colaboradores
[2025-04-22T19:13:52.611Z] GET /api/colaboradores
[2025-04-22T19:13:52.613Z] GET /api/colaboradores
[2025-04-22T19:13:52.616Z] GET /foto.jpg
[2025-04-22T19:13:58.788Z] GET /api/colaboradores
[2025-04-22T19:13:58.792Z] GET /api/colaboradores
[2025-04-22T19:13:58.793Z] GET /foto.jpg
[2025-04-22T19:14:06.897Z] GET /api/colaboradores
[2025-04-22T19:14:06.902Z] GET /foto.jpg
[2025-04-22T19:14:57.238Z] GET /api/colaboradores
[2025-04-22T19:14:57.243Z] GET /foto.jpg
[2025-04-22T19:15:00.969Z] GET /api/colaboradores
[2025-04-22T19:15:00.974Z] GET /foto.jpg
[2025-04-22T19:15:03.861Z] GET /api/colaboradores/2
[2025-04-22T19:15:05.838Z] GET /api/colaboradores
[2025-04-22T19:15:05.841Z] GET /foto.jpg
[2025-04-22T19:15:31.080Z] GET /api/colaboradores
[2025-04-22T19:15:31.085Z] GET /foto.jpg
[2025-04-22T19:16:16.840Z] GET /api/colaboradores
[2025-04-22T19:16:16.845Z] GET /foto.jpg
[2025-04-22T19:16:19.287Z] GET /api/colaboradores
[2025-04-22T19:16:19.294Z] GET /foto.jpg
[2025-04-22T19:16:26.046Z] GET /api/colaboradores
[2025-04-22T19:16:26.052Z] GET /foto.jpg
[2025-04-22T19:16:29.618Z] GET /api/colaboradores
[2025-04-22T19:16:29.622Z] GET /foto.jpg
[2025-04-22T19:16:37.963Z] GET /api/colaboradores
[2025-04-22T19:16:37.969Z] GET /foto.jpg
[2025-04-22T19:16:39.340Z] GET /api/colaboradores
[2025-04-22T19:16:39.345Z] GET /foto.jpg
[2025-04-22T19:16:40.168Z] GET /api/colaboradores
[2025-04-22T19:16:40.173Z] GET /foto.jpg
[2025-04-22T19:16:41.987Z] GET /api/colaboradores
[2025-04-22T19:16:41.992Z] GET /foto.jpg
[2025-04-22T19:16:42.568Z] GET /api/colaboradores
[2025-04-22T19:16:42.572Z] GET /foto.jpg
[2025-04-22T19:16:50.134Z] GET /api/colaboradores
[2025-04-22T19:16:50.139Z] GET /foto.jpg
[2025-04-22T19:16:51.067Z] GET /api/colaboradores
[2025-04-22T19:16:51.071Z] GET /foto.jpg
[2025-04-22T19:16:57.555Z] GET /api/colaboradores
[2025-04-22T19:16:57.560Z] GET /foto.jpg
[2025-04-22T19:17:22.693Z] GET /api/colaboradores
[2025-04-22T19:17:22.697Z] GET /foto.jpg
[2025-04-22T19:19:20.521Z] GET /api/colaboradores
[2025-04-22T19:19:20.523Z] GET /api/colaboradores
[2025-04-22T19:19:20.527Z] GET /foto.jpg
[2025-04-22T19:19:23.433Z] GET /api/colaboradores
[2025-04-22T19:19:23.437Z] GET /foto.jpg
[2025-04-22T19:19:24.885Z] GET /api/colaboradores
[2025-04-22T19:19:24.890Z] GET /foto.jpg
[2025-04-22T19:19:37.665Z] POST /api/colaboradores
[2025-04-22T19:20:04.842Z] GET /api/colaboradores
[2025-04-22T19:20:04.849Z] GET /foto.jpg
[2025-04-22T19:20:11.027Z] GET /styles.css
[2025-04-22T19:24:41.024Z] GET /api/atividades
[2025-04-22T19:24:41.025Z] Erro GET /atividades: Error: Unknown column 'hora_inicio' in 'field list'
[2025-04-22T19:24:48.464Z] POST /api/atividades
[2025-04-22T19:26:30.657Z] GET /api/colaboradores
[2025-04-22T19:26:30.660Z] GET /api/colaboradores
[2025-04-22T19:26:30.664Z] GET /foto.jpg
[2025-04-22T19:26:40.847Z] POST /api/colaboradores
[2025-04-22T19:26:54.258Z] GET /styles.css
[2025-04-22T19:26:54.271Z] GET /styles.css
[2025-04-22T19:34:07.834Z] GET /api/atividades
[2025-04-22T19:34:07.835Z] Erro GET /atividades: Error: Unknown column 'hora_inicio' in 'field list'
[2025-04-22T19:34:08.472Z] GET /api/atividades
[2025-04-22T19:34:08.473Z] Erro GET /atividades: Error: Unknown column 'hora_inicio' in 'field list'
[2025-04-22T19:34:08.701Z] GET /api/atividades
[2025-04-22T19:34:08.702Z] Erro GET /atividades: Error: Unknown column 'hora_inicio' in 'field list'
[2025-04-22T19:34:08.809Z] GET /api/atividades
[2025-04-22T19:34:08.809Z] Erro GET /atividades: Error: Unknown column 'hora_inicio' in 'field list'
[2025-04-22T19:34:09.023Z] GET /api/atividades
[2025-04-22T19:34:09.023Z] Erro GET /atividades: Error: Unknown column 'hora_inicio' in 'field list'
[2025-04-22T19:38:49.392Z] GET /api/atividades
[2025-04-22T19:38:49.393Z] Erro GET /atividades: Error: Unknown column 'hora_inicio' in 'field list'
[2025-04-22T19:38:49.643Z] GET /favicon.ico
[2025-04-22T19:40:22.891Z] GET /api/atividades
[2025-04-22T19:40:22.899Z] Erro GET /atividades: Error: Unknown column 'hora_inicio' in 'field list'
[2025-04-22T19:40:23.853Z] GET /api/atividades
[2025-04-22T19:40:23.861Z] Erro GET /atividades: Error: Unknown column 'hora_inicio' in 'field list'
[2025-04-22T19:40:24.385Z] GET /api/atividades
[2025-04-22T19:40:24.386Z] Erro GET /atividades: Error: Unknown column 'hora_inicio' in 'field list'
[2025-04-22T19:40:24.975Z] GET /api/atividades
[2025-04-22T19:40:24.976Z] Erro GET /atividades: Error: Unknown column 'hora_inicio' in 'field list'
[2025-04-22T19:40:47.601Z] GET /api/atividades
[2025-04-22T19:40:47.602Z] Erro GET /atividades: Error: Unknown column 'hora_inicio' in 'field list'
[2025-04-22T19:40:48.116Z] GET /api/atividades
[2025-04-22T19:40:48.117Z] Erro GET /atividades: Error: Unknown column 'hora_inicio' in 'field list'
[2025-04-22T19:40:48.344Z] GET /api/atividades
[2025-04-22T19:40:48.347Z] Erro GET /atividades: Error: Unknown column 'hora_inicio' in 'field list'
[2025-04-22T19:45:30.181Z] GET /api/atividades
[2025-04-22T19:45:30.182Z] Erro GET /atividades: Error: Unknown column 'hora_inicio' in 'field list'
[2025-04-22T19:45:30.759Z] GET /api/atividades
[2025-04-22T19:45:30.760Z] Erro GET /atividades: Error: Unknown column 'hora_inicio' in 'field list'
[2025-04-22T19:45:30.885Z] GET /api/atividades
[2025-04-22T19:45:30.886Z] Erro GET /atividades: Error: Unknown column 'hora_inicio' in 'field list'
[2025-04-22T19:45:31.026Z] GET /api/atividades
[2025-04-22T19:45:31.027Z] Erro GET /atividades: Error: Unknown column 'hora_inicio' in 'field list'
[2025-04-22T19:45:31.201Z] GET /api/atividades
[2025-04-22T19:45:31.202Z] Erro GET /atividades: Error: Unknown column 'hora_inicio' in 'field list'
[2025-04-22T19:45:36.391Z] GET /api/colaboradores
[2025-04-22T19:45:36.910Z] GET /api/colaboradores
[2025-04-22T19:50:19.897Z] GET /api/atividades
[2025-04-22T19:50:19.898Z] Erro GET /atividades: Error: Unknown column 'hora_inicio' in 'field list'
[2025-04-22T21:15:50.510Z] POST /api/colaboradores
[2025-04-22T21:16:08.129Z] GET /api/colaboradores
[2025-04-22T21:16:08.132Z] GET /api/colaboradores
[2025-04-22T21:16:08.134Z] GET /foto.jpg
[2025-04-22T21:16:08.140Z] GET /foto.jpg
[2025-04-22T21:16:11.622Z] GET /api/colaboradores/2
[2025-04-22T22:19:37.792Z] ✅ Conexão com o banco de dados estabelecida com sucesso!
[2025-04-22T22:19:37.803Z] 🚀 Servidor rodando em http://localhost:5500
[2025-04-22T22:19:37.804Z] 🔥 ERRO GRAVE: Error: listen EADDRINUSE: address already in use 0.0.0.0:5500
    at Server.setupListenHandle [as _listen2] (net.js:1331:16)
    at listenInCluster (net.js:1379:12)
    at doListen (net.js:1516:7)
    at processTicksAndRejections (internal/process/task_queues.js:83:21)
[2025-04-22T22:19:37.804Z] 🔥 ERRO GRAVE: Error: listen EADDRINUSE: address already in use 0.0.0.0:5500
    at Server.setupListenHandle [as _listen2] (net.js:1331:16)
    at listenInCluster (net.js:1379:12)
    at doListen (net.js:1516:7)
    at processTicksAndRejections (internal/process/task_queues.js:83:21)
[2025-04-22T22:19:45.756Z] 📥 GET /api/colaboradores
[2025-04-22T22:19:45.796Z] 📥 GET /api/colaboradores
[2025-04-22T22:19:45.805Z] 📥 GET /uploads/foto.jpg
[2025-04-22T22:19:49.644Z] 📥 GET /api/colaboradores
[2025-04-22T22:19:49.653Z] 📥 GET /api/colaboradores
[2025-04-22T22:19:49.664Z] 📥 GET /uploads/foto.jpg
[2025-04-22T22:22:28.730Z] 📥 GET /api/colaboradores
[2025-04-22T22:51:04.520Z] ✅ Conexão com o banco de dados estabelecida com sucesso!
[2025-04-22T22:51:04.532Z] 🚀 Servidor rodando em http://localhost:5500
[2025-04-22T22:51:04.532Z] 🔥 ERRO GRAVE: Error: listen EADDRINUSE: address already in use 0.0.0.0:5500
    at Server.setupListenHandle [as _listen2] (net.js:1331:16)
    at listenInCluster (net.js:1379:12)
    at doListen (net.js:1516:7)
    at processTicksAndRejections (internal/process/task_queues.js:83:21)
[2025-04-22T22:51:04.533Z] 🔥 ERRO GRAVE: Error: listen EADDRINUSE: address already in use 0.0.0.0:5500
    at Server.setupListenHandle [as _listen2] (net.js:1331:16)
    at listenInCluster (net.js:1379:12)
    at doListen (net.js:1516:7)
    at processTicksAndRejections (internal/process/task_queues.js:83:21)
[2025-04-22T22:51:18.826Z] 📥 POST /api/colaboradores
[2025-04-22T22:51:24.511Z] 📥 GET /api/colaboradores
[2025-04-22T22:51:24.569Z] 📥 GET /uploads/foto.jpg
[2025-04-22T22:51:29.216Z] 📥 GET /api/colaboradores
[2025-04-22T22:51:29.226Z] 📥 GET /api/colaboradores
[2025-04-22T22:51:29.236Z] 📥 GET /uploads/foto.jpg
[2025-04-22T22:51:32.907Z] 📥 GET /api/colaboradores
[2025-04-22T22:51:32.913Z] 📥 GET /api/colaboradores
[2025-04-22T22:51:32.925Z] 📥 GET /uploads/foto.jpg
[2025-04-22T22:51:37.866Z] 📥 GET /api/colaboradores
[2025-04-22T22:51:37.874Z] 📥 GET /api/colaboradores
[2025-04-22T22:51:37.883Z] 📥 GET /uploads/foto.jpg
[2025-04-22T23:00:26.620Z] 📥 GET /api/colaboradores
[2025-04-22T23:00:26.626Z] 📥 GET /api/colaboradores
[2025-04-22T23:00:26.634Z] 📥 GET /uploads/foto.jpg
[2025-04-22T23:00:29.303Z] 📥 GET /api/colaboradores/3
[2025-04-22T23:00:31.142Z] 📥 DELETE /api/colaboradores/3
[2025-04-22T23:00:40.872Z] 📥 POST /api/colaboradores
[2025-04-22T23:01:56.764Z] ✅ Conexão com o banco de dados estabelecida com sucesso!
[2025-04-22T23:01:56.774Z] 🚀 Servidor rodando em http://localhost:5500
[2025-04-22T23:01:56.775Z] 🔥 ERRO GRAVE: Error: listen EADDRINUSE: address already in use 0.0.0.0:5500
    at Server.setupListenHandle [as _listen2] (net.js:1331:16)
    at listenInCluster (net.js:1379:12)
    at doListen (net.js:1516:7)
    at processTicksAndRejections (internal/process/task_queues.js:83:21)
[2025-04-22T23:01:56.775Z] 🔥 ERRO GRAVE: Error: listen EADDRINUSE: address already in use 0.0.0.0:5500
    at Server.setupListenHandle [as _listen2] (net.js:1331:16)
    at listenInCluster (net.js:1379:12)
    at doListen (net.js:1516:7)
    at processTicksAndRejections (internal/process/task_queues.js:83:21)
[2025-04-22T23:02:12.594Z] 📥 POST /api/colaboradores
[2025-04-22T23:02:35.096Z] 📥 POST /api/colaboradores
[2025-04-22T23:04:05.555Z] 📥 GET /api/colaboradores
[2025-04-22T23:04:05.595Z] 📥 GET /api/colaboradores
[2025-04-22T23:04:05.601Z] 📥 GET /uploads/foto.jpg
[2025-04-22T23:04:48.703Z] 📥 POST /api/colaboradores
[2025-04-22T23:13:52.150Z] 📥 POST /api/colaboradores
[2025-04-22T23:14:01.906Z] 📥 GET /api/colaboradores
[2025-04-22T23:19:39.726Z] 📥 POST /api/colaboradores
[2025-04-22T23:20:30.097Z] 📥 GET /api/colaboradores
[2025-04-22T23:20:41.328Z] 📥 POST /api/atividades
[2025-04-22T23:20:46.776Z] 📥 GET /api/atividades
[2025-04-22T23:28:09.121Z] 📥 POST /api/colaboradores
[2025-04-22T23:33:51.183Z] 📥 GET /api/colaboradores
[2025-04-22T23:33:51.189Z] 📥 GET /api/colaboradores
[2025-04-22T23:33:51.194Z] 📥 GET /uploads/foto.jpg
[2025-04-22T23:34:13.926Z] 📥 POST /api/colaboradores
[2025-04-22T23:34:22.045Z] 📥 GET /api/colaboradores
[2025-04-23T18:37:41.269Z] 🚀 Servidor rodando em http://localhost:5500
[2025-04-23T18:37:41.271Z] ✅ Conexão com o banco de dados estabelecida com sucesso!
[2025-04-23T18:37:44.874Z] 📥 GET /favicon.ico
[2025-04-23T18:37:44.875Z] Headers: {"host":"localhost:5500","connection":"keep-alive","sec-ch-ua-platform":"\"Windows\"","user-agent":"Mozilla/5.0 (Windows NT 10.0; Win64; x64) AppleWebKit/537.36 (KHTML, like Gecko) Chrome/132.0.0.0 Safari/537.36 OPR/117.0.0.0 (Edition std-2)","sec-ch-ua":"\"Not A(Brand\";v=\"8\", \"Chromium\";v=\"132\", \"Opera GX\";v=\"117\"","sec-ch-ua-mobile":"?0","accept":"image/avif,image/webp,image/apng,image/svg+xml,image/*,*/*;q=0.8","sec-fetch-site":"same-origin","sec-fetch-mode":"no-cors","sec-fetch-dest":"image","referer":"http://localhost:5500/","accept-encoding":"gzip, deflate, br, zstd","accept-language":"pt-BR,pt;q=0.9,en-US;q=0.8,en;q=0.7","cookie":"SLG_G_WPT_TO=pt; SLG_GWPT_Show_Hide_tmp=undefined; SLG_wptGlobTipTmp=undefined"}
[2025-04-23T18:54:45.433Z] 📥 GET /api/atividades
[2025-04-23T18:54:45.435Z] Headers: {"host":"localhost:5500","user-agent":"insomnia/11.0.2","accept":"*/*"}
[2025-04-23T19:35:55.455Z] 📥 GET /favicon.ico
[2025-04-23T19:35:55.455Z] Headers: {"host":"localhost:5500","connection":"keep-alive","sec-ch-ua-platform":"\"Windows\"","user-agent":"Mozilla/5.0 (Windows NT 10.0; Win64; x64) AppleWebKit/537.36 (KHTML, like Gecko) Chrome/132.0.0.0 Safari/537.36 OPR/117.0.0.0 (Edition std-2)","sec-ch-ua":"\"Not A(Brand\";v=\"8\", \"Chromium\";v=\"132\", \"Opera GX\";v=\"117\"","sec-ch-ua-mobile":"?0","accept":"image/avif,image/webp,image/apng,image/svg+xml,image/*,*/*;q=0.8","sec-fetch-site":"same-origin","sec-fetch-mode":"no-cors","sec-fetch-dest":"image","referer":"http://localhost:5500/","accept-encoding":"gzip, deflate, br, zstd","accept-language":"pt-BR,pt;q=0.9,en-US;q=0.8,en;q=0.7","cookie":"SLG_G_WPT_TO=pt; SLG_GWPT_Show_Hide_tmp=undefined; SLG_wptGlobTipTmp=undefined"}
[2025-04-23T20:51:25.992Z] 🚀 Servidor rodando em http://localhost:5500
[2025-04-23T20:51:25.993Z] ✅ Conexão com o banco de dados estabelecida com sucesso!
[2025-04-23T20:51:28.379Z] 📥 GET /api/atividades/por-data-detalhada?dia=21&mes=4&ano=2025
[2025-04-23T20:51:28.380Z] Headers: {"host":"localhost:5500","connection":"keep-alive","sec-ch-ua-platform":"\"Windows\"","user-agent":"Mozilla/5.0 (Windows NT 10.0; Win64; x64) AppleWebKit/537.36 (KHTML, like Gecko) Chrome/132.0.0.0 Safari/537.36 OPR/117.0.0.0 (Edition std-2)","sec-ch-ua":"\"Not A(Brand\";v=\"8\", \"Chromium\";v=\"132\", \"Opera GX\";v=\"117\"","sec-ch-ua-mobile":"?0","accept":"*/*","sec-fetch-site":"same-origin","sec-fetch-mode":"cors","sec-fetch-dest":"empty","referer":"http://localhost:5500/visualizar-horarios.html","accept-encoding":"gzip, deflate, br, zstd","accept-language":"pt-BR,pt;q=0.9,en-US;q=0.8,en;q=0.7","cookie":"SLG_G_WPT_TO=pt; SLG_GWPT_Show_Hide_tmp=undefined; SLG_wptGlobTipTmp=undefined"}
[2025-04-23T20:51:28.435Z] 📥 GET /api/atividades/por-data-detalhada?dia=22&mes=4&ano=2025
[2025-04-23T20:51:28.436Z] Headers: {"host":"localhost:5500","connection":"keep-alive","sec-ch-ua-platform":"\"Windows\"","user-agent":"Mozilla/5.0 (Windows NT 10.0; Win64; x64) AppleWebKit/537.36 (KHTML, like Gecko) Chrome/132.0.0.0 Safari/537.36 OPR/117.0.0.0 (Edition std-2)","sec-ch-ua":"\"Not A(Brand\";v=\"8\", \"Chromium\";v=\"132\", \"Opera GX\";v=\"117\"","sec-ch-ua-mobile":"?0","accept":"*/*","sec-fetch-site":"same-origin","sec-fetch-mode":"cors","sec-fetch-dest":"empty","referer":"http://localhost:5500/visualizar-horarios.html","accept-encoding":"gzip, deflate, br, zstd","accept-language":"pt-BR,pt;q=0.9,en-US;q=0.8,en;q=0.7","cookie":"SLG_G_WPT_TO=pt; SLG_GWPT_Show_Hide_tmp=undefined; SLG_wptGlobTipTmp=undefined"}
[2025-04-23T20:51:28.441Z] 📥 GET /api/atividades/por-data-detalhada?dia=23&mes=4&ano=2025
[2025-04-23T20:51:28.441Z] Headers: {"host":"localhost:5500","connection":"keep-alive","sec-ch-ua-platform":"\"Windows\"","user-agent":"Mozilla/5.0 (Windows NT 10.0; Win64; x64) AppleWebKit/537.36 (KHTML, like Gecko) Chrome/132.0.0.0 Safari/537.36 OPR/117.0.0.0 (Edition std-2)","sec-ch-ua":"\"Not A(Brand\";v=\"8\", \"Chromium\";v=\"132\", \"Opera GX\";v=\"117\"","sec-ch-ua-mobile":"?0","accept":"*/*","sec-fetch-site":"same-origin","sec-fetch-mode":"cors","sec-fetch-dest":"empty","referer":"http://localhost:5500/visualizar-horarios.html","accept-encoding":"gzip, deflate, br, zstd","accept-language":"pt-BR,pt;q=0.9,en-US;q=0.8,en;q=0.7","cookie":"SLG_G_WPT_TO=pt; SLG_GWPT_Show_Hide_tmp=undefined; SLG_wptGlobTipTmp=undefined"}
[2025-04-23T20:51:28.447Z] 📥 GET /api/atividades/por-data-detalhada?dia=24&mes=4&ano=2025
[2025-04-23T20:51:28.447Z] Headers: {"host":"localhost:5500","connection":"keep-alive","sec-ch-ua-platform":"\"Windows\"","user-agent":"Mozilla/5.0 (Windows NT 10.0; Win64; x64) AppleWebKit/537.36 (KHTML, like Gecko) Chrome/132.0.0.0 Safari/537.36 OPR/117.0.0.0 (Edition std-2)","sec-ch-ua":"\"Not A(Brand\";v=\"8\", \"Chromium\";v=\"132\", \"Opera GX\";v=\"117\"","sec-ch-ua-mobile":"?0","accept":"*/*","sec-fetch-site":"same-origin","sec-fetch-mode":"cors","sec-fetch-dest":"empty","referer":"http://localhost:5500/visualizar-horarios.html","accept-encoding":"gzip, deflate, br, zstd","accept-language":"pt-BR,pt;q=0.9,en-US;q=0.8,en;q=0.7","cookie":"SLG_G_WPT_TO=pt; SLG_GWPT_Show_Hide_tmp=undefined; SLG_wptGlobTipTmp=undefined"}
[2025-04-23T20:51:28.452Z] 📥 GET /api/atividades/por-data-detalhada?dia=25&mes=4&ano=2025
[2025-04-23T20:51:28.452Z] Headers: {"host":"localhost:5500","connection":"keep-alive","sec-ch-ua-platform":"\"Windows\"","user-agent":"Mozilla/5.0 (Windows NT 10.0; Win64; x64) AppleWebKit/537.36 (KHTML, like Gecko) Chrome/132.0.0.0 Safari/537.36 OPR/117.0.0.0 (Edition std-2)","sec-ch-ua":"\"Not A(Brand\";v=\"8\", \"Chromium\";v=\"132\", \"Opera GX\";v=\"117\"","sec-ch-ua-mobile":"?0","accept":"*/*","sec-fetch-site":"same-origin","sec-fetch-mode":"cors","sec-fetch-dest":"empty","referer":"http://localhost:5500/visualizar-horarios.html","accept-encoding":"gzip, deflate, br, zstd","accept-language":"pt-BR,pt;q=0.9,en-US;q=0.8,en;q=0.7","cookie":"SLG_G_WPT_TO=pt; SLG_GWPT_Show_Hide_tmp=undefined; SLG_wptGlobTipTmp=undefined"}
[2025-04-23T20:51:28.457Z] 📥 GET /api/atividades/por-data-detalhada?dia=26&mes=4&ano=2025
[2025-04-23T20:51:28.457Z] Headers: {"host":"localhost:5500","connection":"keep-alive","sec-ch-ua-platform":"\"Windows\"","user-agent":"Mozilla/5.0 (Windows NT 10.0; Win64; x64) AppleWebKit/537.36 (KHTML, like Gecko) Chrome/132.0.0.0 Safari/537.36 OPR/117.0.0.0 (Edition std-2)","sec-ch-ua":"\"Not A(Brand\";v=\"8\", \"Chromium\";v=\"132\", \"Opera GX\";v=\"117\"","sec-ch-ua-mobile":"?0","accept":"*/*","sec-fetch-site":"same-origin","sec-fetch-mode":"cors","sec-fetch-dest":"empty","referer":"http://localhost:5500/visualizar-horarios.html","accept-encoding":"gzip, deflate, br, zstd","accept-language":"pt-BR,pt;q=0.9,en-US;q=0.8,en;q=0.7","cookie":"SLG_G_WPT_TO=pt; SLG_GWPT_Show_Hide_tmp=undefined; SLG_wptGlobTipTmp=undefined"}
[2025-04-23T20:51:31.470Z] 📥 GET /api/atividades/por-data-detalhada?dia=21&mes=4&ano=2025
[2025-04-23T20:51:31.470Z] Headers: {"host":"localhost:5500","connection":"keep-alive","sec-ch-ua-platform":"\"Windows\"","user-agent":"Mozilla/5.0 (Windows NT 10.0; Win64; x64) AppleWebKit/537.36 (KHTML, like Gecko) Chrome/132.0.0.0 Safari/537.36 OPR/117.0.0.0 (Edition std-2)","sec-ch-ua":"\"Not A(Brand\";v=\"8\", \"Chromium\";v=\"132\", \"Opera GX\";v=\"117\"","sec-ch-ua-mobile":"?0","accept":"*/*","sec-fetch-site":"same-origin","sec-fetch-mode":"cors","sec-fetch-dest":"empty","referer":"http://localhost:5500/visualizar-horarios.html","accept-encoding":"gzip, deflate, br, zstd","accept-language":"pt-BR,pt;q=0.9,en-US;q=0.8,en;q=0.7","cookie":"SLG_G_WPT_TO=pt; SLG_GWPT_Show_Hide_tmp=undefined; SLG_wptGlobTipTmp=undefined","if-none-match":"W/\"1a-s3B6blipWxCo2IriQlJeaz0uh7I\""}
[2025-04-23T20:51:31.487Z] 📥 GET /api/atividades/por-data-detalhada?dia=22&mes=4&ano=2025
[2025-04-23T20:51:31.488Z] Headers: {"host":"localhost:5500","connection":"keep-alive","sec-ch-ua-platform":"\"Windows\"","user-agent":"Mozilla/5.0 (Windows NT 10.0; Win64; x64) AppleWebKit/537.36 (KHTML, like Gecko) Chrome/132.0.0.0 Safari/537.36 OPR/117.0.0.0 (Edition std-2)","sec-ch-ua":"\"Not A(Brand\";v=\"8\", \"Chromium\";v=\"132\", \"Opera GX\";v=\"117\"","sec-ch-ua-mobile":"?0","accept":"*/*","sec-fetch-site":"same-origin","sec-fetch-mode":"cors","sec-fetch-dest":"empty","referer":"http://localhost:5500/visualizar-horarios.html","accept-encoding":"gzip, deflate, br, zstd","accept-language":"pt-BR,pt;q=0.9,en-US;q=0.8,en;q=0.7","cookie":"SLG_G_WPT_TO=pt; SLG_GWPT_Show_Hide_tmp=undefined; SLG_wptGlobTipTmp=undefined","if-none-match":"W/\"1a-s3B6blipWxCo2IriQlJeaz0uh7I\""}
[2025-04-23T20:51:31.499Z] 📥 GET /api/atividades/por-data-detalhada?dia=23&mes=4&ano=2025
[2025-04-23T20:51:31.499Z] Headers: {"host":"localhost:5500","connection":"keep-alive","sec-ch-ua-platform":"\"Windows\"","user-agent":"Mozilla/5.0 (Windows NT 10.0; Win64; x64) AppleWebKit/537.36 (KHTML, like Gecko) Chrome/132.0.0.0 Safari/537.36 OPR/117.0.0.0 (Edition std-2)","sec-ch-ua":"\"Not A(Brand\";v=\"8\", \"Chromium\";v=\"132\", \"Opera GX\";v=\"117\"","sec-ch-ua-mobile":"?0","accept":"*/*","sec-fetch-site":"same-origin","sec-fetch-mode":"cors","sec-fetch-dest":"empty","referer":"http://localhost:5500/visualizar-horarios.html","accept-encoding":"gzip, deflate, br, zstd","accept-language":"pt-BR,pt;q=0.9,en-US;q=0.8,en;q=0.7","cookie":"SLG_G_WPT_TO=pt; SLG_GWPT_Show_Hide_tmp=undefined; SLG_wptGlobTipTmp=undefined","if-none-match":"W/\"1a-s3B6blipWxCo2IriQlJeaz0uh7I\""}
[2025-04-23T20:51:31.509Z] 📥 GET /api/atividades/por-data-detalhada?dia=24&mes=4&ano=2025
[2025-04-23T20:51:31.509Z] Headers: {"host":"localhost:5500","connection":"keep-alive","sec-ch-ua-platform":"\"Windows\"","user-agent":"Mozilla/5.0 (Windows NT 10.0; Win64; x64) AppleWebKit/537.36 (KHTML, like Gecko) Chrome/132.0.0.0 Safari/537.36 OPR/117.0.0.0 (Edition std-2)","sec-ch-ua":"\"Not A(Brand\";v=\"8\", \"Chromium\";v=\"132\", \"Opera GX\";v=\"117\"","sec-ch-ua-mobile":"?0","accept":"*/*","sec-fetch-site":"same-origin","sec-fetch-mode":"cors","sec-fetch-dest":"empty","referer":"http://localhost:5500/visualizar-horarios.html","accept-encoding":"gzip, deflate, br, zstd","accept-language":"pt-BR,pt;q=0.9,en-US;q=0.8,en;q=0.7","cookie":"SLG_G_WPT_TO=pt; SLG_GWPT_Show_Hide_tmp=undefined; SLG_wptGlobTipTmp=undefined","if-none-match":"W/\"1a-s3B6blipWxCo2IriQlJeaz0uh7I\""}
[2025-04-23T20:51:31.517Z] 📥 GET /api/atividades/por-data-detalhada?dia=25&mes=4&ano=2025
[2025-04-23T20:51:31.517Z] Headers: {"host":"localhost:5500","connection":"keep-alive","sec-ch-ua-platform":"\"Windows\"","user-agent":"Mozilla/5.0 (Windows NT 10.0; Win64; x64) AppleWebKit/537.36 (KHTML, like Gecko) Chrome/132.0.0.0 Safari/537.36 OPR/117.0.0.0 (Edition std-2)","sec-ch-ua":"\"Not A(Brand\";v=\"8\", \"Chromium\";v=\"132\", \"Opera GX\";v=\"117\"","sec-ch-ua-mobile":"?0","accept":"*/*","sec-fetch-site":"same-origin","sec-fetch-mode":"cors","sec-fetch-dest":"empty","referer":"http://localhost:5500/visualizar-horarios.html","accept-encoding":"gzip, deflate, br, zstd","accept-language":"pt-BR,pt;q=0.9,en-US;q=0.8,en;q=0.7","cookie":"SLG_G_WPT_TO=pt; SLG_GWPT_Show_Hide_tmp=undefined; SLG_wptGlobTipTmp=undefined","if-none-match":"W/\"1a-s3B6blipWxCo2IriQlJeaz0uh7I\""}
[2025-04-23T20:51:31.522Z] 📥 GET /api/atividades/por-data-detalhada?dia=26&mes=4&ano=2025
[2025-04-23T20:51:31.522Z] Headers: {"host":"localhost:5500","connection":"keep-alive","sec-ch-ua-platform":"\"Windows\"","user-agent":"Mozilla/5.0 (Windows NT 10.0; Win64; x64) AppleWebKit/537.36 (KHTML, like Gecko) Chrome/132.0.0.0 Safari/537.36 OPR/117.0.0.0 (Edition std-2)","sec-ch-ua":"\"Not A(Brand\";v=\"8\", \"Chromium\";v=\"132\", \"Opera GX\";v=\"117\"","sec-ch-ua-mobile":"?0","accept":"*/*","sec-fetch-site":"same-origin","sec-fetch-mode":"cors","sec-fetch-dest":"empty","referer":"http://localhost:5500/visualizar-horarios.html","accept-encoding":"gzip, deflate, br, zstd","accept-language":"pt-BR,pt;q=0.9,en-US;q=0.8,en;q=0.7","cookie":"SLG_G_WPT_TO=pt; SLG_GWPT_Show_Hide_tmp=undefined; SLG_wptGlobTipTmp=undefined","if-none-match":"W/\"1a-s3B6blipWxCo2IriQlJeaz0uh7I\""}
[2025-04-23T20:51:32.012Z] 📥 GET /api/atividades/por-data-detalhada?dia=21&mes=4&ano=2025
[2025-04-23T20:51:32.012Z] Headers: {"host":"localhost:5500","connection":"keep-alive","sec-ch-ua-platform":"\"Windows\"","user-agent":"Mozilla/5.0 (Windows NT 10.0; Win64; x64) AppleWebKit/537.36 (KHTML, like Gecko) Chrome/132.0.0.0 Safari/537.36 OPR/117.0.0.0 (Edition std-2)","sec-ch-ua":"\"Not A(Brand\";v=\"8\", \"Chromium\";v=\"132\", \"Opera GX\";v=\"117\"","sec-ch-ua-mobile":"?0","accept":"*/*","sec-fetch-site":"same-origin","sec-fetch-mode":"cors","sec-fetch-dest":"empty","referer":"http://localhost:5500/visualizar-horarios.html","accept-encoding":"gzip, deflate, br, zstd","accept-language":"pt-BR,pt;q=0.9,en-US;q=0.8,en;q=0.7","cookie":"SLG_G_WPT_TO=pt; SLG_GWPT_Show_Hide_tmp=undefined; SLG_wptGlobTipTmp=undefined","if-none-match":"W/\"1a-s3B6blipWxCo2IriQlJeaz0uh7I\""}
[2025-04-23T20:51:32.030Z] 📥 GET /api/atividades/por-data-detalhada?dia=22&mes=4&ano=2025
[2025-04-23T20:51:32.031Z] Headers: {"host":"localhost:5500","connection":"keep-alive","sec-ch-ua-platform":"\"Windows\"","user-agent":"Mozilla/5.0 (Windows NT 10.0; Win64; x64) AppleWebKit/537.36 (KHTML, like Gecko) Chrome/132.0.0.0 Safari/537.36 OPR/117.0.0.0 (Edition std-2)","sec-ch-ua":"\"Not A(Brand\";v=\"8\", \"Chromium\";v=\"132\", \"Opera GX\";v=\"117\"","sec-ch-ua-mobile":"?0","accept":"*/*","sec-fetch-site":"same-origin","sec-fetch-mode":"cors","sec-fetch-dest":"empty","referer":"http://localhost:5500/visualizar-horarios.html","accept-encoding":"gzip, deflate, br, zstd","accept-language":"pt-BR,pt;q=0.9,en-US;q=0.8,en;q=0.7","cookie":"SLG_G_WPT_TO=pt; SLG_GWPT_Show_Hide_tmp=undefined; SLG_wptGlobTipTmp=undefined","if-none-match":"W/\"1a-s3B6blipWxCo2IriQlJeaz0uh7I\""}
[2025-04-23T20:51:32.037Z] 📥 GET /api/atividades/por-data-detalhada?dia=23&mes=4&ano=2025
[2025-04-23T20:51:32.037Z] Headers: {"host":"localhost:5500","connection":"keep-alive","sec-ch-ua-platform":"\"Windows\"","user-agent":"Mozilla/5.0 (Windows NT 10.0; Win64; x64) AppleWebKit/537.36 (KHTML, like Gecko) Chrome/132.0.0.0 Safari/537.36 OPR/117.0.0.0 (Edition std-2)","sec-ch-ua":"\"Not A(Brand\";v=\"8\", \"Chromium\";v=\"132\", \"Opera GX\";v=\"117\"","sec-ch-ua-mobile":"?0","accept":"*/*","sec-fetch-site":"same-origin","sec-fetch-mode":"cors","sec-fetch-dest":"empty","referer":"http://localhost:5500/visualizar-horarios.html","accept-encoding":"gzip, deflate, br, zstd","accept-language":"pt-BR,pt;q=0.9,en-US;q=0.8,en;q=0.7","cookie":"SLG_G_WPT_TO=pt; SLG_GWPT_Show_Hide_tmp=undefined; SLG_wptGlobTipTmp=undefined","if-none-match":"W/\"1a-s3B6blipWxCo2IriQlJeaz0uh7I\""}
[2025-04-23T20:51:32.044Z] 📥 GET /api/atividades/por-data-detalhada?dia=24&mes=4&ano=2025
[2025-04-23T20:51:32.044Z] Headers: {"host":"localhost:5500","connection":"keep-alive","sec-ch-ua-platform":"\"Windows\"","user-agent":"Mozilla/5.0 (Windows NT 10.0; Win64; x64) AppleWebKit/537.36 (KHTML, like Gecko) Chrome/132.0.0.0 Safari/537.36 OPR/117.0.0.0 (Edition std-2)","sec-ch-ua":"\"Not A(Brand\";v=\"8\", \"Chromium\";v=\"132\", \"Opera GX\";v=\"117\"","sec-ch-ua-mobile":"?0","accept":"*/*","sec-fetch-site":"same-origin","sec-fetch-mode":"cors","sec-fetch-dest":"empty","referer":"http://localhost:5500/visualizar-horarios.html","accept-encoding":"gzip, deflate, br, zstd","accept-language":"pt-BR,pt;q=0.9,en-US;q=0.8,en;q=0.7","cookie":"SLG_G_WPT_TO=pt; SLG_GWPT_Show_Hide_tmp=undefined; SLG_wptGlobTipTmp=undefined","if-none-match":"W/\"1a-s3B6blipWxCo2IriQlJeaz0uh7I\""}
[2025-04-23T20:51:32.051Z] 📥 GET /api/atividades/por-data-detalhada?dia=25&mes=4&ano=2025
[2025-04-23T20:51:32.052Z] Headers: {"host":"localhost:5500","connection":"keep-alive","sec-ch-ua-platform":"\"Windows\"","user-agent":"Mozilla/5.0 (Windows NT 10.0; Win64; x64) AppleWebKit/537.36 (KHTML, like Gecko) Chrome/132.0.0.0 Safari/537.36 OPR/117.0.0.0 (Edition std-2)","sec-ch-ua":"\"Not A(Brand\";v=\"8\", \"Chromium\";v=\"132\", \"Opera GX\";v=\"117\"","sec-ch-ua-mobile":"?0","accept":"*/*","sec-fetch-site":"same-origin","sec-fetch-mode":"cors","sec-fetch-dest":"empty","referer":"http://localhost:5500/visualizar-horarios.html","accept-encoding":"gzip, deflate, br, zstd","accept-language":"pt-BR,pt;q=0.9,en-US;q=0.8,en;q=0.7","cookie":"SLG_G_WPT_TO=pt; SLG_GWPT_Show_Hide_tmp=undefined; SLG_wptGlobTipTmp=undefined","if-none-match":"W/\"1a-s3B6blipWxCo2IriQlJeaz0uh7I\""}
[2025-04-23T20:51:32.057Z] 📥 GET /api/atividades/por-data-detalhada?dia=26&mes=4&ano=2025
[2025-04-23T20:51:32.057Z] Headers: {"host":"localhost:5500","connection":"keep-alive","sec-ch-ua-platform":"\"Windows\"","user-agent":"Mozilla/5.0 (Windows NT 10.0; Win64; x64) AppleWebKit/537.36 (KHTML, like Gecko) Chrome/132.0.0.0 Safari/537.36 OPR/117.0.0.0 (Edition std-2)","sec-ch-ua":"\"Not A(Brand\";v=\"8\", \"Chromium\";v=\"132\", \"Opera GX\";v=\"117\"","sec-ch-ua-mobile":"?0","accept":"*/*","sec-fetch-site":"same-origin","sec-fetch-mode":"cors","sec-fetch-dest":"empty","referer":"http://localhost:5500/visualizar-horarios.html","accept-encoding":"gzip, deflate, br, zstd","accept-language":"pt-BR,pt;q=0.9,en-US;q=0.8,en;q=0.7","cookie":"SLG_G_WPT_TO=pt; SLG_GWPT_Show_Hide_tmp=undefined; SLG_wptGlobTipTmp=undefined","if-none-match":"W/\"1a-s3B6blipWxCo2IriQlJeaz0uh7I\""}
[2025-04-23T20:52:05.121Z] 📥 GET /api/atividades/por-data-detalhada
[2025-04-23T20:52:05.121Z] Headers: {"host":"localhost:5500","user-agent":"insomnia/11.0.2","accept":"*/*"}
[2025-04-23T20:52:22.173Z] 📥 GET /api/atividades?dia=21&mes=4&ano=2025
[2025-04-23T20:52:22.173Z] Headers: {"host":"localhost:5500","connection":"keep-alive","sec-ch-ua-platform":"\"Windows\"","user-agent":"Mozilla/5.0 (Windows NT 10.0; Win64; x64) AppleWebKit/537.36 (KHTML, like Gecko) Chrome/132.0.0.0 Safari/537.36 OPR/117.0.0.0 (Edition std-2)","sec-ch-ua":"\"Not A(Brand\";v=\"8\", \"Chromium\";v=\"132\", \"Opera GX\";v=\"117\"","sec-ch-ua-mobile":"?0","accept":"*/*","sec-fetch-site":"same-origin","sec-fetch-mode":"cors","sec-fetch-dest":"empty","referer":"http://localhost:5500/visualizar-horarios.html","accept-encoding":"gzip, deflate, br, zstd","accept-language":"pt-BR,pt;q=0.9,en-US;q=0.8,en;q=0.7","cookie":"SLG_G_WPT_TO=pt; SLG_GWPT_Show_Hide_tmp=undefined; SLG_wptGlobTipTmp=undefined"}
[2025-04-23T20:52:22.203Z] 📥 GET /api/atividades?dia=22&mes=4&ano=2025
[2025-04-23T20:52:22.203Z] Headers: {"host":"localhost:5500","connection":"keep-alive","sec-ch-ua-platform":"\"Windows\"","user-agent":"Mozilla/5.0 (Windows NT 10.0; Win64; x64) AppleWebKit/537.36 (KHTML, like Gecko) Chrome/132.0.0.0 Safari/537.36 OPR/117.0.0.0 (Edition std-2)","sec-ch-ua":"\"Not A(Brand\";v=\"8\", \"Chromium\";v=\"132\", \"Opera GX\";v=\"117\"","sec-ch-ua-mobile":"?0","accept":"*/*","sec-fetch-site":"same-origin","sec-fetch-mode":"cors","sec-fetch-dest":"empty","referer":"http://localhost:5500/visualizar-horarios.html","accept-encoding":"gzip, deflate, br, zstd","accept-language":"pt-BR,pt;q=0.9,en-US;q=0.8,en;q=0.7","cookie":"SLG_G_WPT_TO=pt; SLG_GWPT_Show_Hide_tmp=undefined; SLG_wptGlobTipTmp=undefined"}
[2025-04-23T20:52:22.239Z] 📥 GET /api/atividades?dia=23&mes=4&ano=2025
[2025-04-23T20:52:22.239Z] Headers: {"host":"localhost:5500","connection":"keep-alive","sec-ch-ua-platform":"\"Windows\"","user-agent":"Mozilla/5.0 (Windows NT 10.0; Win64; x64) AppleWebKit/537.36 (KHTML, like Gecko) Chrome/132.0.0.0 Safari/537.36 OPR/117.0.0.0 (Edition std-2)","sec-ch-ua":"\"Not A(Brand\";v=\"8\", \"Chromium\";v=\"132\", \"Opera GX\";v=\"117\"","sec-ch-ua-mobile":"?0","accept":"*/*","sec-fetch-site":"same-origin","sec-fetch-mode":"cors","sec-fetch-dest":"empty","referer":"http://localhost:5500/visualizar-horarios.html","accept-encoding":"gzip, deflate, br, zstd","accept-language":"pt-BR,pt;q=0.9,en-US;q=0.8,en;q=0.7","cookie":"SLG_G_WPT_TO=pt; SLG_GWPT_Show_Hide_tmp=undefined; SLG_wptGlobTipTmp=undefined"}
[2025-04-23T20:52:22.278Z] 📥 GET /api/atividades?dia=24&mes=4&ano=2025
[2025-04-23T20:52:22.279Z] Headers: {"host":"localhost:5500","connection":"keep-alive","sec-ch-ua-platform":"\"Windows\"","user-agent":"Mozilla/5.0 (Windows NT 10.0; Win64; x64) AppleWebKit/537.36 (KHTML, like Gecko) Chrome/132.0.0.0 Safari/537.36 OPR/117.0.0.0 (Edition std-2)","sec-ch-ua":"\"Not A(Brand\";v=\"8\", \"Chromium\";v=\"132\", \"Opera GX\";v=\"117\"","sec-ch-ua-mobile":"?0","accept":"*/*","sec-fetch-site":"same-origin","sec-fetch-mode":"cors","sec-fetch-dest":"empty","referer":"http://localhost:5500/visualizar-horarios.html","accept-encoding":"gzip, deflate, br, zstd","accept-language":"pt-BR,pt;q=0.9,en-US;q=0.8,en;q=0.7","cookie":"SLG_G_WPT_TO=pt; SLG_GWPT_Show_Hide_tmp=undefined; SLG_wptGlobTipTmp=undefined"}
[2025-04-23T20:52:22.316Z] 📥 GET /api/atividades?dia=25&mes=4&ano=2025
[2025-04-23T20:52:22.316Z] Headers: {"host":"localhost:5500","connection":"keep-alive","sec-ch-ua-platform":"\"Windows\"","user-agent":"Mozilla/5.0 (Windows NT 10.0; Win64; x64) AppleWebKit/537.36 (KHTML, like Gecko) Chrome/132.0.0.0 Safari/537.36 OPR/117.0.0.0 (Edition std-2)","sec-ch-ua":"\"Not A(Brand\";v=\"8\", \"Chromium\";v=\"132\", \"Opera GX\";v=\"117\"","sec-ch-ua-mobile":"?0","accept":"*/*","sec-fetch-site":"same-origin","sec-fetch-mode":"cors","sec-fetch-dest":"empty","referer":"http://localhost:5500/visualizar-horarios.html","accept-encoding":"gzip, deflate, br, zstd","accept-language":"pt-BR,pt;q=0.9,en-US;q=0.8,en;q=0.7","cookie":"SLG_G_WPT_TO=pt; SLG_GWPT_Show_Hide_tmp=undefined; SLG_wptGlobTipTmp=undefined"}
[2025-04-23T20:52:22.355Z] 📥 GET /api/atividades?dia=26&mes=4&ano=2025
[2025-04-23T20:52:22.356Z] Headers: {"host":"localhost:5500","connection":"keep-alive","sec-ch-ua-platform":"\"Windows\"","user-agent":"Mozilla/5.0 (Windows NT 10.0; Win64; x64) AppleWebKit/537.36 (KHTML, like Gecko) Chrome/132.0.0.0 Safari/537.36 OPR/117.0.0.0 (Edition std-2)","sec-ch-ua":"\"Not A(Brand\";v=\"8\", \"Chromium\";v=\"132\", \"Opera GX\";v=\"117\"","sec-ch-ua-mobile":"?0","accept":"*/*","sec-fetch-site":"same-origin","sec-fetch-mode":"cors","sec-fetch-dest":"empty","referer":"http://localhost:5500/visualizar-horarios.html","accept-encoding":"gzip, deflate, br, zstd","accept-language":"pt-BR,pt;q=0.9,en-US;q=0.8,en;q=0.7","cookie":"SLG_G_WPT_TO=pt; SLG_GWPT_Show_Hide_tmp=undefined; SLG_wptGlobTipTmp=undefined"}
[2025-04-23T20:58:26.781Z] 📥 GET /api/atividades?dia=21&mes=4&ano=2025
[2025-04-23T20:58:26.781Z] Headers: {"host":"localhost:5500","connection":"keep-alive","sec-ch-ua-platform":"\"Windows\"","user-agent":"Mozilla/5.0 (Windows NT 10.0; Win64; x64) AppleWebKit/537.36 (KHTML, like Gecko) Chrome/132.0.0.0 Safari/537.36 OPR/117.0.0.0 (Edition std-2)","sec-ch-ua":"\"Not A(Brand\";v=\"8\", \"Chromium\";v=\"132\", \"Opera GX\";v=\"117\"","sec-ch-ua-mobile":"?0","accept":"*/*","sec-fetch-site":"same-origin","sec-fetch-mode":"cors","sec-fetch-dest":"empty","referer":"http://localhost:5500/visualizar-horarios.html","accept-encoding":"gzip, deflate, br, zstd","accept-language":"pt-BR,pt;q=0.9,en-US;q=0.8,en;q=0.7","cookie":"SLG_G_WPT_TO=pt; SLG_GWPT_Show_Hide_tmp=undefined; SLG_wptGlobTipTmp=undefined","if-none-match":"W/\"1dfd4-rCDsLTd8Pu3tQfd8BueEcGtmnAQ\""}
[2025-04-23T20:58:26.806Z] 📥 GET /favicon.ico
[2025-04-23T20:58:26.807Z] Headers: {"host":"localhost:5500","connection":"keep-alive","sec-ch-ua-platform":"\"Windows\"","user-agent":"Mozilla/5.0 (Windows NT 10.0; Win64; x64) AppleWebKit/537.36 (KHTML, like Gecko) Chrome/132.0.0.0 Safari/537.36 OPR/117.0.0.0 (Edition std-2)","sec-ch-ua":"\"Not A(Brand\";v=\"8\", \"Chromium\";v=\"132\", \"Opera GX\";v=\"117\"","sec-ch-ua-mobile":"?0","accept":"image/avif,image/webp,image/apng,image/svg+xml,image/*,*/*;q=0.8","sec-fetch-site":"same-origin","sec-fetch-mode":"no-cors","sec-fetch-dest":"image","referer":"http://localhost:5500/visualizar-horarios.html","accept-encoding":"gzip, deflate, br, zstd","accept-language":"pt-BR,pt;q=0.9,en-US;q=0.8,en;q=0.7","cookie":"SLG_G_WPT_TO=pt; SLG_GWPT_Show_Hide_tmp=undefined; SLG_wptGlobTipTmp=undefined"}
[2025-04-23T20:58:26.812Z] 📥 GET /api/atividades?dia=22&mes=4&ano=2025
[2025-04-23T20:58:26.813Z] Headers: {"host":"localhost:5500","connection":"keep-alive","sec-ch-ua-platform":"\"Windows\"","user-agent":"Mozilla/5.0 (Windows NT 10.0; Win64; x64) AppleWebKit/537.36 (KHTML, like Gecko) Chrome/132.0.0.0 Safari/537.36 OPR/117.0.0.0 (Edition std-2)","sec-ch-ua":"\"Not A(Brand\";v=\"8\", \"Chromium\";v=\"132\", \"Opera GX\";v=\"117\"","sec-ch-ua-mobile":"?0","accept":"*/*","sec-fetch-site":"same-origin","sec-fetch-mode":"cors","sec-fetch-dest":"empty","referer":"http://localhost:5500/visualizar-horarios.html","accept-encoding":"gzip, deflate, br, zstd","accept-language":"pt-BR,pt;q=0.9,en-US;q=0.8,en;q=0.7","cookie":"SLG_G_WPT_TO=pt; SLG_GWPT_Show_Hide_tmp=undefined; SLG_wptGlobTipTmp=undefined","if-none-match":"W/\"1dfd4-rCDsLTd8Pu3tQfd8BueEcGtmnAQ\""}
[2025-04-23T20:58:26.844Z] 📥 GET /api/atividades?dia=23&mes=4&ano=2025
[2025-04-23T20:58:26.844Z] Headers: {"host":"localhost:5500","connection":"keep-alive","sec-ch-ua-platform":"\"Windows\"","user-agent":"Mozilla/5.0 (Windows NT 10.0; Win64; x64) AppleWebKit/537.36 (KHTML, like Gecko) Chrome/132.0.0.0 Safari/537.36 OPR/117.0.0.0 (Edition std-2)","sec-ch-ua":"\"Not A(Brand\";v=\"8\", \"Chromium\";v=\"132\", \"Opera GX\";v=\"117\"","sec-ch-ua-mobile":"?0","accept":"*/*","sec-fetch-site":"same-origin","sec-fetch-mode":"cors","sec-fetch-dest":"empty","referer":"http://localhost:5500/visualizar-horarios.html","accept-encoding":"gzip, deflate, br, zstd","accept-language":"pt-BR,pt;q=0.9,en-US;q=0.8,en;q=0.7","cookie":"SLG_G_WPT_TO=pt; SLG_GWPT_Show_Hide_tmp=undefined; SLG_wptGlobTipTmp=undefined","if-none-match":"W/\"1dfd4-rCDsLTd8Pu3tQfd8BueEcGtmnAQ\""}
[2025-04-23T20:58:26.876Z] 📥 GET /api/atividades?dia=24&mes=4&ano=2025
[2025-04-23T20:58:26.877Z] Headers: {"host":"localhost:5500","connection":"keep-alive","sec-ch-ua-platform":"\"Windows\"","user-agent":"Mozilla/5.0 (Windows NT 10.0; Win64; x64) AppleWebKit/537.36 (KHTML, like Gecko) Chrome/132.0.0.0 Safari/537.36 OPR/117.0.0.0 (Edition std-2)","sec-ch-ua":"\"Not A(Brand\";v=\"8\", \"Chromium\";v=\"132\", \"Opera GX\";v=\"117\"","sec-ch-ua-mobile":"?0","accept":"*/*","sec-fetch-site":"same-origin","sec-fetch-mode":"cors","sec-fetch-dest":"empty","referer":"http://localhost:5500/visualizar-horarios.html","accept-encoding":"gzip, deflate, br, zstd","accept-language":"pt-BR,pt;q=0.9,en-US;q=0.8,en;q=0.7","cookie":"SLG_G_WPT_TO=pt; SLG_GWPT_Show_Hide_tmp=undefined; SLG_wptGlobTipTmp=undefined","if-none-match":"W/\"1dfd4-rCDsLTd8Pu3tQfd8BueEcGtmnAQ\""}
[2025-04-23T20:58:26.917Z] 📥 GET /api/atividades?dia=25&mes=4&ano=2025
[2025-04-23T20:58:26.917Z] Headers: {"host":"localhost:5500","connection":"keep-alive","sec-ch-ua-platform":"\"Windows\"","user-agent":"Mozilla/5.0 (Windows NT 10.0; Win64; x64) AppleWebKit/537.36 (KHTML, like Gecko) Chrome/132.0.0.0 Safari/537.36 OPR/117.0.0.0 (Edition std-2)","sec-ch-ua":"\"Not A(Brand\";v=\"8\", \"Chromium\";v=\"132\", \"Opera GX\";v=\"117\"","sec-ch-ua-mobile":"?0","accept":"*/*","sec-fetch-site":"same-origin","sec-fetch-mode":"cors","sec-fetch-dest":"empty","referer":"http://localhost:5500/visualizar-horarios.html","accept-encoding":"gzip, deflate, br, zstd","accept-language":"pt-BR,pt;q=0.9,en-US;q=0.8,en;q=0.7","cookie":"SLG_G_WPT_TO=pt; SLG_GWPT_Show_Hide_tmp=undefined; SLG_wptGlobTipTmp=undefined","if-none-match":"W/\"1dfd4-rCDsLTd8Pu3tQfd8BueEcGtmnAQ\""}
[2025-04-23T20:58:26.961Z] 📥 GET /api/atividades?dia=26&mes=4&ano=2025
[2025-04-23T20:58:26.962Z] Headers: {"host":"localhost:5500","connection":"keep-alive","sec-ch-ua-platform":"\"Windows\"","user-agent":"Mozilla/5.0 (Windows NT 10.0; Win64; x64) AppleWebKit/537.36 (KHTML, like Gecko) Chrome/132.0.0.0 Safari/537.36 OPR/117.0.0.0 (Edition std-2)","sec-ch-ua":"\"Not A(Brand\";v=\"8\", \"Chromium\";v=\"132\", \"Opera GX\";v=\"117\"","sec-ch-ua-mobile":"?0","accept":"*/*","sec-fetch-site":"same-origin","sec-fetch-mode":"cors","sec-fetch-dest":"empty","referer":"http://localhost:5500/visualizar-horarios.html","accept-encoding":"gzip, deflate, br, zstd","accept-language":"pt-BR,pt;q=0.9,en-US;q=0.8,en;q=0.7","cookie":"SLG_G_WPT_TO=pt; SLG_GWPT_Show_Hide_tmp=undefined; SLG_wptGlobTipTmp=undefined","if-none-match":"W/\"1dfd4-rCDsLTd8Pu3tQfd8BueEcGtmnAQ\""}
